[solitaire] Running shell script
+ npm run test-single-run -- --browsers Chrome

> solitaire@0.0.0 test-single-run /private/tmp/jenkins-agent/workspace/solitaire
> karma start karma.conf.js --single-run --browsers Chrome

[32m10 02 2017 17:37:39.246:INFO [karma]: [39mKarma v0.13.22 server started at http://localhost:9876/
[32m10 02 2017 17:37:39.261:INFO [launcher]: [39mStarting browser Chrome
[32m10 02 2017 17:37:42.174:INFO [Chrome 56.0.2924 (Mac OS X 10.12.3)]: [39mConnected on socket 6L0fdRyJYlJqza41AAAA with id 55071190
Chrome 56.0.2924 (Mac OS X 10.12.3): Executed 0 of 64 SUCCESS (0 secs / 0 secs)
[1A[2KChrome 56.0.2924 (Mac OS X 10.12.3): Executed 1 of 64 SUCCESS (0 secs / 0.004 secs)
[1A[2KChrome 56.0.2924 (Mac OS X 10.12.3): Executed 2 of 64 SUCCESS (0 secs / 0.005 secs)
[1A[2KChrome 56.0.2924 (Mac OS X 10.12.3): Executed 3 of 64 SUCCESS (0 secs / 0.047 secs)
[1A[2KChrome 56.0.2924 (Mac OS X 10.12.3): Executed 4 of 64 SUCCESS (0 secs / 0.059 secs)
[1A[2KChrome 56.0.2924 (Mac OS X 10.12.3): Executed 5 of 64 SUCCESS (0 secs / 0.066 secs)
[1A[2KChrome 56.0.2924 (Mac OS X 10.12.3): Executed 6 of 64 SUCCESS (0 secs / 0.069 secs)
[1A[2KChrome 56.0.2924 (Mac OS X 10.12.3): Executed 7 of 64 SUCCESS (0 secs / 0.085 secs)
[1A[2KChrome 56.0.2924 (Mac OS X 10.12.3): Executed 8 of 64 SUCCESS (0 secs / 0.1 secs)
[1A[2KChrome 56.0.2924 (Mac OS X 10.12.3): Executed 9 of 64 SUCCESS (0 secs / 0.103 secs)
[1A[2KChrome 56.0.2924 (Mac OS X 10.12.3): Executed 10 of 64 SUCCESS (0 secs / 0.159 secs)
[1A[2KChrome 56.0.2924 (Mac OS X 10.12.3): Executed 11 of 64 SUCCESS (0 secs / 0.163 secs)
[1A[2KChrome 56.0.2924 (Mac OS X 10.12.3): Executed 12 of 64 SUCCESS (0 secs / 0.17 secs)
[1A[2KChrome 56.0.2924 (Mac OS X 10.12.3): Executed 13 of 64 SUCCESS (0 secs / 0.173 secs)
[1A[2KChrome 56.0.2924 (Mac OS X 10.12.3): Executed 14 of 64 SUCCESS (0 secs / 0.175 secs)
[1A[2KChrome 56.0.2924 (Mac OS X 10.12.3): Executed 15 of 64 SUCCESS (0 secs / 0.177 secs)
[1A[2KChrome 56.0.2924 (Mac OS X 10.12.3): Executed 16 of 64 SUCCESS (0 secs / 0.206 secs)
[1A[2KChrome 56.0.2924 (Mac OS X 10.12.3): Executed 17 of 64 SUCCESS (0 secs / 0.231 secs)
[1A[2KChrome 56.0.2924 (Mac OS X 10.12.3): Executed 18 of 64 SUCCESS (0 secs / 0.233 secs)
[1A[2KChrome 56.0.2924 (Mac OS X 10.12.3): Executed 19 of 64 SUCCESS (0 secs / 0.235 secs)
[1A[2KChrome 56.0.2924 (Mac OS X 10.12.3): Executed 20 of 64 SUCCESS (0 secs / 0.242 secs)
[1A[2KChrome 56.0.2924 (Mac OS X 10.12.3): Executed 21 of 64 SUCCESS (0 secs / 0.252 secs)
[1A[2KChrome 56.0.2924 (Mac OS X 10.12.3): Executed 22 of 64 SUCCESS (0 secs / 0.252 secs)
[1A[2KChrome 56.0.2924 (Mac OS X 10.12.3): Executed 23 of 64 SUCCESS (0 secs / 0.252 secs)
[1A[2KChrome 56.0.2924 (Mac OS X 10.12.3): Executed 24 of 64 SUCCESS (0 secs / 0.252 secs)
[1A[2KChrome 56.0.2924 (Mac OS X 10.12.3): Executed 25 of 64 SUCCESS (0 secs / 0.252 secs)
[1A[2KChrome 56.0.2924 (Mac OS X 10.12.3): Executed 26 of 64 SUCCESS (0 secs / 0.253 secs)
[1A[2KChrome 56.0.2924 (Mac OS X 10.12.3): Executed 27 of 64 SUCCESS (0 secs / 0.253 secs)
[1A[2KChrome 56.0.2924 (Mac OS X 10.12.3): Executed 28 of 64 SUCCESS (0 secs / 0.262 secs)
[1A[2KChrome 56.0.2924 (Mac OS X 10.12.3): Executed 29 of 64 SUCCESS (0 secs / 0.262 secs)
[1A[2KChrome 56.0.2924 (Mac OS X 10.12.3): Executed 30 of 64 SUCCESS (0 secs / 0.262 secs)
[1A[2KChrome 56.0.2924 (Mac OS X 10.12.3): Executed 31 of 64 SUCCESS (0 secs / 0.263 secs)
[1A[2KChrome 56.0.2924 (Mac OS X 10.12.3): Executed 32 of 64 SUCCESS (0 secs / 0.266 secs)
[1A[2KChrome 56.0.2924 (Mac OS X 10.12.3): Executed 33 of 64 SUCCESS (0 secs / 0.27 secs)
[1A[2KChrome 56.0.2924 (Mac OS X 10.12.3): Executed 34 of 64 SUCCESS (0 secs / 0.271 secs)
[1A[2KChrome 56.0.2924 (Mac OS X 10.12.3): Executed 35 of 64 SUCCESS (0 secs / 0.271 secs)
[1A[2KChrome 56.0.2924 (Mac OS X 10.12.3): Executed 36 of 64 SUCCESS (0 secs / 0.272 secs)
[1A[2KChrome 56.0.2924 (Mac OS X 10.12.3): Executed 37 of 64 SUCCESS (0 secs / 0.274 secs)
[1A[2KChrome 56.0.2924 (Mac OS X 10.12.3): Executed 38 of 64 SUCCESS (0 secs / 0.275 secs)
[1A[2KChrome 56.0.2924 (Mac OS X 10.12.3): Executed 39 of 64 SUCCESS (0 secs / 0.28 secs)
[1A[2KChrome 56.0.2924 (Mac OS X 10.12.3): Executed 40 of 64 SUCCESS (0 secs / 0.281 secs)
[1A[2KChrome 56.0.2924 (Mac OS X 10.12.3): Executed 41 of 64 SUCCESS (0 secs / 0.281 secs)
[1A[2KChrome 56.0.2924 (Mac OS X 10.12.3): Executed 42 of 64 SUCCESS (0 secs / 0.281 secs)
[1A[2KChrome 56.0.2924 (Mac OS X 10.12.3): Executed 43 of 64 SUCCESS (0 secs / 0.281 secs)
[1A[2KChrome 56.0.2924 (Mac OS X 10.12.3): Executed 44 of 64 SUCCESS (0 secs / 0.282 secs)
[1A[2KChrome 56.0.2924 (Mac OS X 10.12.3): Executed 45 of 64 SUCCESS (0 secs / 0.282 secs)
[1A[2KChrome 56.0.2924 (Mac OS X 10.12.3): Executed 46 of 64 SUCCESS (0 secs / 0.283 secs)
[1A[2KChrome 56.0.2924 (Mac OS X 10.12.3): Executed 47 of 64 SUCCESS (0 secs / 0.283 secs)
[1A[2KChrome 56.0.2924 (Mac OS X 10.12.3): Executed 48 of 64 SUCCESS (0 secs / 0.285 secs)
[1A[2KChrome 56.0.2924 (Mac OS X 10.12.3): Executed 49 of 64 SUCCESS (0 secs / 0.287 secs)
[1A[2KChrome 56.0.2924 (Mac OS X 10.12.3): Executed 50 of 64 SUCCESS (0 secs / 0.287 secs)
[1A[2KChrome 56.0.2924 (Mac OS X 10.12.3): Executed 51 of 64 SUCCESS (0 secs / 0.287 secs)
[1A[2KChrome 56.0.2924 (Mac OS X 10.12.3): Executed 52 of 64 SUCCESS (0 secs / 0.288 secs)
[1A[2KChrome 56.0.2924 (Mac OS X 10.12.3): Executed 53 of 64 SUCCESS (0 secs / 0.289 secs)
[1A[2KChrome 56.0.2924 (Mac OS X 10.12.3): Executed 54 of 64 SUCCESS (0 secs / 0.292 secs)
[1A[2KChrome 56.0.2924 (Mac OS X 10.12.3): Executed 55 of 64 SUCCESS (0 secs / 0.293 secs)
[1A[2KChrome 56.0.2924 (Mac OS X 10.12.3): Executed 56 of 64 SUCCESS (0 secs / 0.299 secs)
[1A[2KChrome 56.0.2924 (Mac OS X 10.12.3): Executed 57 of 64 SUCCESS (0 secs / 0.301 secs)
[1A[2KChrome 56.0.2924 (Mac OS X 10.12.3): Executed 58 of 64 SUCCESS (0 secs / 0.303 secs)
[1A[2KChrome 56.0.2924 (Mac OS X 10.12.3): Executed 59 of 64 SUCCESS (0 secs / 0.304 secs)
[1A[2KChrome 56.0.2924 (Mac OS X 10.12.3): Executed 60 of 64 SUCCESS (0 secs / 0.306 secs)
[1A[2KChrome 56.0.2924 (Mac OS X 10.12.3): Executed 61 of 64 SUCCESS (0 secs / 0.308 secs)
[1A[2KChrome 56.0.2924 (Mac OS X 10.12.3): Executed 62 of 64 SUCCESS (0 secs / 0.309 secs)
[1A[2KChrome 56.0.2924 (Mac OS X 10.12.3): Executed 63 of 64 SUCCESS (0 secs / 0.31 secs)
[1A[2KChrome 56.0.2924 (Mac OS X 10.12.3): Executed 64 of 64 SUCCESS (0 secs / 0.312 secs)
[1A[2KChrome 56.0.2924 (Mac OS X 10.12.3): Executed 64 of 64 SUCCESS (0.232 secs / 0.312 secs)
