[solitaire] Running shell script
+ npm run test-single-run -- --browsers Firefox

> solitaire@0.0.0 test-single-run /Users/padmakar/.jenkins/workspace/solitaire
> karma start karma.conf.js --single-run --browsers Firefox

[33m10 02 2017 17:37:40.658:WARN [karma]: [39mPort 9876 in use
[32m10 02 2017 17:37:40.668:INFO [karma]: [39mKarma v0.13.22 server started at http://localhost:9877/
[32m10 02 2017 17:37:40.676:INFO [launcher]: [39mStarting browser Firefox
[32m10 02 2017 17:37:45.141:INFO [Firefox 37.0.0 (Mac OS X 10.12.0)]: [39mConnected on socket 8KAfxclbz-tesgwdAAAA with id 42984686
Firefox 37.0.0 (Mac OS X 10.12.0): Executed 0 of 64 SUCCESS (0 secs / 0 secs)
[1A[2KFirefox 37.0.0 (Mac OS X 10.12.0): Executed 1 of 64 SUCCESS (0 secs / 0.015 secs)
[1A[2KFirefox 37.0.0 (Mac OS X 10.12.0): Executed 2 of 64 SUCCESS (0 secs / 0.015 secs)
[1A[2KFirefox 37.0.0 (Mac OS X 10.12.0): Executed 3 of 64 SUCCESS (0 secs / 0.03 secs)
[1A[2KFirefox 37.0.0 (Mac OS X 10.12.0): Executed 4 of 64 SUCCESS (0 secs / 0.038 secs)
[1A[2KFirefox 37.0.0 (Mac OS X 10.12.0): Executed 5 of 64 SUCCESS (0 secs / 0.042 secs)
[1A[2KFirefox 37.0.0 (Mac OS X 10.12.0): Executed 6 of 64 SUCCESS (0 secs / 0.047 secs)
[1A[2KFirefox 37.0.0 (Mac OS X 10.12.0): Executed 7 of 64 SUCCESS (0 secs / 0.063 secs)
[1A[2KFirefox 37.0.0 (Mac OS X 10.12.0): Executed 8 of 64 SUCCESS (0 secs / 0.068 secs)
[1A[2KFirefox 37.0.0 (Mac OS X 10.12.0): Executed 9 of 64 SUCCESS (0 secs / 0.073 secs)
[1A[2KFirefox 37.0.0 (Mac OS X 10.12.0): Executed 10 of 64 SUCCESS (0 secs / 0.085 secs)
[1A[2KFirefox 37.0.0 (Mac OS X 10.12.0): Executed 11 of 64 SUCCESS (0 secs / 0.094 secs)
[1A[2KFirefox 37.0.0 (Mac OS X 10.12.0): Executed 12 of 64 SUCCESS (0 secs / 0.107 secs)
[1A[2KFirefox 37.0.0 (Mac OS X 10.12.0): Executed 13 of 64 SUCCESS (0 secs / 0.118 secs)
[1A[2KFirefox 37.0.0 (Mac OS X 10.12.0): Executed 14 of 64 SUCCESS (0 secs / 0.137 secs)
[1A[2KFirefox 37.0.0 (Mac OS X 10.12.0): Executed 15 of 64 SUCCESS (0 secs / 0.14 secs)
[1A[2KFirefox 37.0.0 (Mac OS X 10.12.0): Executed 16 of 64 SUCCESS (0 secs / 0.143 secs)
[1A[2KFirefox 37.0.0 (Mac OS X 10.12.0): Executed 17 of 64 SUCCESS (0 secs / 0.231 secs)
[1A[2KFirefox 37.0.0 (Mac OS X 10.12.0): Executed 18 of 64 SUCCESS (0 secs / 0.234 secs)
[1A[2KFirefox 37.0.0 (Mac OS X 10.12.0): Executed 19 of 64 SUCCESS (0 secs / 0.236 secs)
[1A[2KFirefox 37.0.0 (Mac OS X 10.12.0): Executed 20 of 64 SUCCESS (0 secs / 0.238 secs)
[1A[2KFirefox 37.0.0 (Mac OS X 10.12.0): Executed 21 of 64 SUCCESS (0 secs / 0.245 secs)
[1A[2KFirefox 37.0.0 (Mac OS X 10.12.0): Executed 22 of 64 SUCCESS (0 secs / 0.245 secs)
[1A[2KFirefox 37.0.0 (Mac OS X 10.12.0): Executed 23 of 64 SUCCESS (0 secs / 0.246 secs)
[1A[2KFirefox 37.0.0 (Mac OS X 10.12.0): Executed 24 of 64 SUCCESS (0 secs / 0.246 secs)
[1A[2KFirefox 37.0.0 (Mac OS X 10.12.0): Executed 25 of 64 SUCCESS (0 secs / 0.246 secs)
[1A[2KFirefox 37.0.0 (Mac OS X 10.12.0): Executed 26 of 64 SUCCESS (0 secs / 0.246 secs)
[1A[2KFirefox 37.0.0 (Mac OS X 10.12.0): Executed 27 of 64 SUCCESS (0 secs / 0.246 secs)
[1A[2KFirefox 37.0.0 (Mac OS X 10.12.0): Executed 28 of 64 SUCCESS (0 secs / 0.246 secs)
[1A[2KFirefox 37.0.0 (Mac OS X 10.12.0): Executed 29 of 64 SUCCESS (0 secs / 0.246 secs)
[1A[2KFirefox 37.0.0 (Mac OS X 10.12.0): Executed 30 of 64 SUCCESS (0 secs / 0.246 secs)
[1A[2KFirefox 37.0.0 (Mac OS X 10.12.0): Executed 31 of 64 SUCCESS (0 secs / 0.252 secs)
[1A[2KFirefox 37.0.0 (Mac OS X 10.12.0): Executed 32 of 64 SUCCESS (0 secs / 0.252 secs)
[1A[2KFirefox 37.0.0 (Mac OS X 10.12.0): Executed 33 of 64 SUCCESS (0 secs / 0.289 secs)
[1A[2KFirefox 37.0.0 (Mac OS X 10.12.0): Executed 34 of 64 SUCCESS (0 secs / 0.295 secs)
[1A[2KFirefox 37.0.0 (Mac OS X 10.12.0): Executed 35 of 64 SUCCESS (0 secs / 0.295 secs)
[1A[2KFirefox 37.0.0 (Mac OS X 10.12.0): Executed 36 of 64 SUCCESS (0 secs / 0.297 secs)
[1A[2KFirefox 37.0.0 (Mac OS X 10.12.0): Executed 37 of 64 SUCCESS (0 secs / 0.299 secs)
[1A[2KFirefox 37.0.0 (Mac OS X 10.12.0): Executed 38 of 64 SUCCESS (0 secs / 0.302 secs)
[1A[2KFirefox 37.0.0 (Mac OS X 10.12.0): Executed 39 of 64 SUCCESS (0 secs / 0.303 secs)
[1A[2KFirefox 37.0.0 (Mac OS X 10.12.0): Executed 40 of 64 SUCCESS (0 secs / 0.307 secs)
[1A[2KFirefox 37.0.0 (Mac OS X 10.12.0): Executed 41 of 64 SUCCESS (0 secs / 0.308 secs)
[1A[2KFirefox 37.0.0 (Mac OS X 10.12.0): Executed 42 of 64 SUCCESS (0 secs / 0.308 secs)
[1A[2KFirefox 37.0.0 (Mac OS X 10.12.0): Executed 43 of 64 SUCCESS (0 secs / 0.308 secs)
[1A[2KFirefox 37.0.0 (Mac OS X 10.12.0): Executed 44 of 64 SUCCESS (0 secs / 0.308 secs)
[1A[2KFirefox 37.0.0 (Mac OS X 10.12.0): Executed 45 of 64 SUCCESS (0 secs / 0.308 secs)
[1A[2KFirefox 37.0.0 (Mac OS X 10.12.0): Executed 46 of 64 SUCCESS (0 secs / 0.309 secs)
[1A[2KFirefox 37.0.0 (Mac OS X 10.12.0): Executed 47 of 64 SUCCESS (0 secs / 0.31 secs)
[1A[2KFirefox 37.0.0 (Mac OS X 10.12.0): Executed 48 of 64 SUCCESS (0 secs / 0.317 secs)
[1A[2KFirefox 37.0.0 (Mac OS X 10.12.0): Executed 49 of 64 SUCCESS (0 secs / 0.322 secs)
[1A[2KFirefox 37.0.0 (Mac OS X 10.12.0): Executed 50 of 64 SUCCESS (0 secs / 0.323 secs)
[1A[2KFirefox 37.0.0 (Mac OS X 10.12.0): Executed 51 of 64 SUCCESS (0 secs / 0.324 secs)
[1A[2KFirefox 37.0.0 (Mac OS X 10.12.0): Executed 52 of 64 SUCCESS (0 secs / 0.331 secs)
[1A[2KFirefox 37.0.0 (Mac OS X 10.12.0): Executed 53 of 64 SUCCESS (0 secs / 0.334 secs)
[1A[2KFirefox 37.0.0 (Mac OS X 10.12.0): Executed 54 of 64 SUCCESS (0 secs / 0.337 secs)
[1A[2KFirefox 37.0.0 (Mac OS X 10.12.0): Executed 55 of 64 SUCCESS (0 secs / 0.34 secs)
[1A[2KFirefox 37.0.0 (Mac OS X 10.12.0): Executed 56 of 64 SUCCESS (0 secs / 0.343 secs)
[1A[2KFirefox 37.0.0 (Mac OS X 10.12.0): Executed 57 of 64 SUCCESS (0 secs / 0.346 secs)
[1A[2KFirefox 37.0.0 (Mac OS X 10.12.0): Executed 58 of 64 SUCCESS (0 secs / 0.349 secs)
[1A[2KFirefox 37.0.0 (Mac OS X 10.12.0): Executed 59 of 64 SUCCESS (0 secs / 0.351 secs)
[1A[2KFirefox 37.0.0 (Mac OS X 10.12.0): Executed 60 of 64 SUCCESS (0 secs / 0.353 secs)
[1A[2KFirefox 37.0.0 (Mac OS X 10.12.0): Executed 61 of 64 SUCCESS (0 secs / 0.355 secs)
[1A[2KFirefox 37.0.0 (Mac OS X 10.12.0): Executed 62 of 64 SUCCESS (0 secs / 0.357 secs)
[1A[2KFirefox 37.0.0 (Mac OS X 10.12.0): Executed 63 of 64 SUCCESS (0 secs / 0.361 secs)
[1A[2KFirefox 37.0.0 (Mac OS X 10.12.0): Executed 64 of 64 SUCCESS (0 secs / 0.362 secs)
[1A[2KFirefox 37.0.0 (Mac OS X 10.12.0): Executed 64 of 64 SUCCESS (0.481 secs / 0.362 secs)
