[solitaire@2] Running shell script
+ npm run test-single-run -- --browsers Safari

> solitaire@0.0.0 test-single-run /Users/padmakar/.jenkins/workspace/solitaire@2
> karma start karma.conf.js --single-run --browsers Safari

[33m10 02 2017 17:37:42.362:WARN [karma]: [39mPort 9876 in use
[33m10 02 2017 17:37:42.365:WARN [karma]: [39mPort 9877 in use
[32m10 02 2017 17:37:42.366:INFO [karma]: [39mKarma v0.13.22 server started at http://localhost:9878/
[32m10 02 2017 17:37:42.375:INFO [launcher]: [39mStarting browser Safari
[32m10 02 2017 17:37:45.228:INFO [Safari 10.0.3 (Mac OS X 10.12.3)]: [39mConnected on socket GUGHt9duqoW4jk5RAAAA with id 61613787
Safari 10.0.3 (Mac OS X 10.12.3): Executed 0 of 64 SUCCESS (0 secs / 0 secs)
[1A[2KSafari 10.0.3 (Mac OS X 10.12.3): Executed 1 of 64 SUCCESS (0 secs / 0.952 secs)
[1A[2KSafari 10.0.3 (Mac OS X 10.12.3): Executed 2 of 64 SUCCESS (0 secs / 0.954 secs)
[1A[2KSafari 10.0.3 (Mac OS X 10.12.3): Executed 3 of 64 SUCCESS (0 secs / 0.966 secs)
[1A[2KSafari 10.0.3 (Mac OS X 10.12.3): Executed 4 of 64 SUCCESS (0 secs / 0.973 secs)
[1A[2KSafari 10.0.3 (Mac OS X 10.12.3): Executed 5 of 64 SUCCESS (0 secs / 0.976 secs)
[1A[2KSafari 10.0.3 (Mac OS X 10.12.3): Executed 6 of 64 SUCCESS (0 secs / 0.977 secs)
[1A[2KSafari 10.0.3 (Mac OS X 10.12.3): Executed 7 of 64 SUCCESS (0 secs / 0.977 secs)
[1A[2KSafari 10.0.3 (Mac OS X 10.12.3): Executed 8 of 64 SUCCESS (0 secs / 0.977 secs)
[1A[2KSafari 10.0.3 (Mac OS X 10.12.3): Executed 9 of 64 SUCCESS (0 secs / 0.977 secs)
[1A[2KSafari 10.0.3 (Mac OS X 10.12.3): Executed 10 of 64 SUCCESS (0 secs / 0.977 secs)
[1A[2KSafari 10.0.3 (Mac OS X 10.12.3): Executed 11 of 64 SUCCESS (0 secs / 0.978 secs)
[1A[2KSafari 10.0.3 (Mac OS X 10.12.3): Executed 12 of 64 SUCCESS (0 secs / 0.978 secs)
[1A[2KSafari 10.0.3 (Mac OS X 10.12.3): Executed 13 of 64 SUCCESS (0 secs / 0.978 secs)
[1A[2KSafari 10.0.3 (Mac OS X 10.12.3): Executed 14 of 64 SUCCESS (0 secs / 0.978 secs)
[1A[2KSafari 10.0.3 (Mac OS X 10.12.3): Executed 15 of 64 SUCCESS (0 secs / 0.978 secs)
[1A[2KSafari 10.0.3 (Mac OS X 10.12.3): Executed 16 of 64 SUCCESS (0 secs / 0.978 secs)
[1A[2KSafari 10.0.3 (Mac OS X 10.12.3): Executed 17 of 64 SUCCESS (0 secs / 1.947 secs)
[1A[2KSafari 10.0.3 (Mac OS X 10.12.3): Executed 18 of 64 SUCCESS (0 secs / 1.958 secs)
[1A[2KSafari 10.0.3 (Mac OS X 10.12.3): Executed 19 of 64 SUCCESS (0 secs / 1.959 secs)
[1A[2KSafari 10.0.3 (Mac OS X 10.12.3): Executed 20 of 64 SUCCESS (0 secs / 1.96 secs)
[1A[2KSafari 10.0.3 (Mac OS X 10.12.3): Executed 21 of 64 SUCCESS (0 secs / 1.963 secs)
[1A[2KSafari 10.0.3 (Mac OS X 10.12.3): Executed 22 of 64 SUCCESS (0 secs / 1.976 secs)
[1A[2KSafari 10.0.3 (Mac OS X 10.12.3): Executed 23 of 64 SUCCESS (0 secs / 1.977 secs)
[1A[2KSafari 10.0.3 (Mac OS X 10.12.3): Executed 24 of 64 SUCCESS (0 secs / 1.982 secs)
[1A[2KSafari 10.0.3 (Mac OS X 10.12.3): Executed 25 of 64 SUCCESS (0 secs / 1.982 secs)
[1A[2KSafari 10.0.3 (Mac OS X 10.12.3): Executed 26 of 64 SUCCESS (0 secs / 1.982 secs)
[1A[2KSafari 10.0.3 (Mac OS X 10.12.3): Executed 27 of 64 SUCCESS (0 secs / 1.982 secs)
[1A[2KSafari 10.0.3 (Mac OS X 10.12.3): Executed 28 of 64 SUCCESS (0 secs / 1.982 secs)
[1A[2KSafari 10.0.3 (Mac OS X 10.12.3): Executed 29 of 64 SUCCESS (0 secs / 1.982 secs)
[1A[2KSafari 10.0.3 (Mac OS X 10.12.3): Executed 30 of 64 SUCCESS (0 secs / 1.998 secs)
[1A[2KSafari 10.0.3 (Mac OS X 10.12.3): Executed 31 of 64 SUCCESS (0 secs / 1.999 secs)
[1A[2KSafari 10.0.3 (Mac OS X 10.12.3): Executed 32 of 64 SUCCESS (0 secs / 2.925 secs)
[1A[2KSafari 10.0.3 (Mac OS X 10.12.3): Executed 33 of 64 SUCCESS (0 secs / 2.927 secs)
[1A[2KSafari 10.0.3 (Mac OS X 10.12.3): Executed 34 of 64 SUCCESS (0 secs / 2.927 secs)
[1A[2KSafari 10.0.3 (Mac OS X 10.12.3): Executed 35 of 64 SUCCESS (0 secs / 2.927 secs)
[1A[2KSafari 10.0.3 (Mac OS X 10.12.3): Executed 36 of 64 SUCCESS (0 secs / 2.927 secs)
[1A[2KSafari 10.0.3 (Mac OS X 10.12.3): Executed 37 of 64 SUCCESS (0 secs / 2.931 secs)
[1A[2KSafari 10.0.3 (Mac OS X 10.12.3): Executed 38 of 64 SUCCESS (0 secs / 2.933 secs)
[1A[2KSafari 10.0.3 (Mac OS X 10.12.3): Executed 39 of 64 SUCCESS (0 secs / 2.934 secs)
[1A[2KSafari 10.0.3 (Mac OS X 10.12.3): Executed 40 of 64 SUCCESS (0 secs / 2.94 secs)
[1A[2KSafari 10.0.3 (Mac OS X 10.12.3): Executed 41 of 64 SUCCESS (0 secs / 2.942 secs)
[1A[2KSafari 10.0.3 (Mac OS X 10.12.3): Executed 42 of 64 SUCCESS (0 secs / 2.944 secs)
[1A[2KSafari 10.0.3 (Mac OS X 10.12.3): Executed 43 of 64 SUCCESS (0 secs / 2.945 secs)
[1A[2KSafari 10.0.3 (Mac OS X 10.12.3): Executed 44 of 64 SUCCESS (0 secs / 2.947 secs)
[1A[2KSafari 10.0.3 (Mac OS X 10.12.3): Executed 45 of 64 SUCCESS (0 secs / 2.949 secs)
[1A[2KSafari 10.0.3 (Mac OS X 10.12.3): Executed 46 of 64 SUCCESS (0 secs / 2.95 secs)
[1A[2KSafari 10.0.3 (Mac OS X 10.12.3): Executed 47 of 64 SUCCESS (0 secs / 2.951 secs)
[1A[2KSafari 10.0.3 (Mac OS X 10.12.3): Executed 48 of 64 SUCCESS (0 secs / 2.953 secs)
[1A[2KSafari 10.0.3 (Mac OS X 10.12.3): Executed 49 of 64 SUCCESS (0 secs / 2.956 secs)
[1A[2KSafari 10.0.3 (Mac OS X 10.12.3): Executed 50 of 64 SUCCESS (0 secs / 2.956 secs)
[1A[2KSafari 10.0.3 (Mac OS X 10.12.3): Executed 51 of 64 SUCCESS (0 secs / 3.009 secs)
[1A[2KSafari 10.0.3 (Mac OS X 10.12.3): Executed 52 of 64 SUCCESS (0 secs / 3.014 secs)
[1A[2KSafari 10.0.3 (Mac OS X 10.12.3): Executed 53 of 64 SUCCESS (0 secs / 3.016 secs)
[1A[2KSafari 10.0.3 (Mac OS X 10.12.3): Executed 54 of 64 SUCCESS (0 secs / 3.041 secs)
[1A[2KSafari 10.0.3 (Mac OS X 10.12.3): Executed 55 of 64 SUCCESS (0 secs / 3.091 secs)
[1A[2KSafari 10.0.3 (Mac OS X 10.12.3): Executed 56 of 64 SUCCESS (0 secs / 3.094 secs)
[1A[2KSafari 10.0.3 (Mac OS X 10.12.3): Executed 57 of 64 SUCCESS (0 secs / 3.096 secs)
[1A[2KSafari 10.0.3 (Mac OS X 10.12.3): Executed 58 of 64 SUCCESS (0 secs / 3.097 secs)
[1A[2KSafari 10.0.3 (Mac OS X 10.12.3): Executed 59 of 64 SUCCESS (0 secs / 3.108 secs)
[1A[2KSafari 10.0.3 (Mac OS X 10.12.3): Executed 60 of 64 SUCCESS (0 secs / 3.111 secs)
[1A[2KSafari 10.0.3 (Mac OS X 10.12.3): Executed 61 of 64 SUCCESS (0 secs / 3.113 secs)
[1A[2KSafari 10.0.3 (Mac OS X 10.12.3): Executed 62 of 64 SUCCESS (0 secs / 3.115 secs)
[1A[2KSafari 10.0.3 (Mac OS X 10.12.3): Executed 63 of 64 SUCCESS (0 secs / 3.117 secs)
[1A[2KSafari 10.0.3 (Mac OS X 10.12.3): Executed 64 of 64 SUCCESS (0 secs / 3.119 secs)
[1A[2KSafari 10.0.3 (Mac OS X 10.12.3): Executed 64 of 64 SUCCESS (2.928 secs / 3.119 secs)
