[solitaire-2] Running shell script
+ npm run test-single-run -- --browsers Safari

> solitaire@0.0.0 test-single-run /Users/padmakar/.jenkins/workspace/solitaire-2
> karma start karma.conf.js --single-run --browsers Safari

[33m10 02 2017 18:32:58.521:WARN [karma]: [39mPort 9876 in use
[32m10 02 2017 18:32:58.530:INFO [karma]: [39mKarma v0.13.22 server started at http://localhost:9877/
[32m10 02 2017 18:32:58.649:INFO [launcher]: [39mStarting browser Safari
[32m10 02 2017 18:33:03.301:INFO [Safari 10.0.3 (Mac OS X 10.12.3)]: [39mConnected on socket SoGjzbAfNeKvBGNHAAAA with id 76274188
Safari 10.0.3 (Mac OS X 10.12.3): Executed 0 of 64 SUCCESS (0 secs / 0 secs)
[1A[2KSafari 10.0.3 (Mac OS X 10.12.3): Executed 1 of 64 SUCCESS (0 secs / 0.004 secs)
[1A[2KSafari 10.0.3 (Mac OS X 10.12.3): Executed 2 of 64 SUCCESS (0 secs / 0.004 secs)
[1A[2KSafari 10.0.3 (Mac OS X 10.12.3): Executed 3 of 64 SUCCESS (0 secs / 0.014 secs)
[1A[2KSafari 10.0.3 (Mac OS X 10.12.3): Executed 4 of 64 SUCCESS (0 secs / 0.017 secs)
[1A[2KSafari 10.0.3 (Mac OS X 10.12.3): Executed 5 of 64 SUCCESS (0 secs / 0.061 secs)
[1A[2KSafari 10.0.3 (Mac OS X 10.12.3): Executed 6 of 64 SUCCESS (0 secs / 0.064 secs)
[1A[2KSafari 10.0.3 (Mac OS X 10.12.3): Executed 7 of 64 SUCCESS (0 secs / 0.084 secs)
[1A[2KSafari 10.0.3 (Mac OS X 10.12.3): Executed 8 of 64 SUCCESS (0 secs / 0.135 secs)
[1A[2KSafari 10.0.3 (Mac OS X 10.12.3): Executed 9 of 64 SUCCESS (0 secs / 0.137 secs)
[1A[2KSafari 10.0.3 (Mac OS X 10.12.3): Executed 10 of 64 SUCCESS (0 secs / 0.146 secs)
[1A[2KSafari 10.0.3 (Mac OS X 10.12.3): Executed 11 of 64 SUCCESS (0 secs / 0.149 secs)
[1A[2KSafari 10.0.3 (Mac OS X 10.12.3): Executed 12 of 64 SUCCESS (0 secs / 0.152 secs)
[1A[2KSafari 10.0.3 (Mac OS X 10.12.3): Executed 13 of 64 SUCCESS (0 secs / 0.168 secs)
[1A[2KSafari 10.0.3 (Mac OS X 10.12.3): Executed 14 of 64 SUCCESS (0 secs / 0.17 secs)
[1A[2KSafari 10.0.3 (Mac OS X 10.12.3): Executed 15 of 64 SUCCESS (0 secs / 0.185 secs)
[1A[2KSafari 10.0.3 (Mac OS X 10.12.3): Executed 16 of 64 SUCCESS (0 secs / 0.189 secs)
[1A[2KSafari 10.0.3 (Mac OS X 10.12.3): Executed 17 of 64 SUCCESS (0 secs / 0.857 secs)
[1A[2KSafari 10.0.3 (Mac OS X 10.12.3): Executed 18 of 64 SUCCESS (0 secs / 0.859 secs)
[1A[2KSafari 10.0.3 (Mac OS X 10.12.3): Executed 19 of 64 SUCCESS (0 secs / 0.861 secs)
[1A[2KSafari 10.0.3 (Mac OS X 10.12.3): Executed 20 of 64 SUCCESS (0 secs / 0.863 secs)
[1A[2KSafari 10.0.3 (Mac OS X 10.12.3): Executed 21 of 64 SUCCESS (0 secs / 0.865 secs)
[1A[2KSafari 10.0.3 (Mac OS X 10.12.3): Executed 22 of 64 SUCCESS (0 secs / 0.865 secs)
[1A[2KSafari 10.0.3 (Mac OS X 10.12.3): Executed 23 of 64 SUCCESS (0 secs / 0.866 secs)
[1A[2KSafari 10.0.3 (Mac OS X 10.12.3): Executed 24 of 64 SUCCESS (0 secs / 0.866 secs)
[1A[2KSafari 10.0.3 (Mac OS X 10.12.3): Executed 25 of 64 SUCCESS (0 secs / 0.866 secs)
[1A[2KSafari 10.0.3 (Mac OS X 10.12.3): Executed 26 of 64 SUCCESS (0 secs / 0.866 secs)
[1A[2KSafari 10.0.3 (Mac OS X 10.12.3): Executed 27 of 64 SUCCESS (0 secs / 0.867 secs)
[1A[2KSafari 10.0.3 (Mac OS X 10.12.3): Executed 28 of 64 SUCCESS (0 secs / 0.867 secs)
[1A[2KSafari 10.0.3 (Mac OS X 10.12.3): Executed 29 of 64 SUCCESS (0 secs / 0.867 secs)
[1A[2KSafari 10.0.3 (Mac OS X 10.12.3): Executed 30 of 64 SUCCESS (0 secs / 0.867 secs)
[1A[2KSafari 10.0.3 (Mac OS X 10.12.3): Executed 31 of 64 SUCCESS (0 secs / 0.867 secs)
[1A[2KSafari 10.0.3 (Mac OS X 10.12.3): Executed 32 of 64 SUCCESS (0 secs / 0.878 secs)
[1A[2KSafari 10.0.3 (Mac OS X 10.12.3): Executed 33 of 64 SUCCESS (0 secs / 1.867 secs)
[1A[2KSafari 10.0.3 (Mac OS X 10.12.3): Executed 34 of 64 SUCCESS (0 secs / 1.868 secs)
[1A[2KSafari 10.0.3 (Mac OS X 10.12.3): Executed 35 of 64 SUCCESS (0 secs / 1.868 secs)
[1A[2KSafari 10.0.3 (Mac OS X 10.12.3): Executed 36 of 64 SUCCESS (0 secs / 1.878 secs)
[1A[2KSafari 10.0.3 (Mac OS X 10.12.3): Executed 37 of 64 SUCCESS (0 secs / 1.88 secs)
[1A[2KSafari 10.0.3 (Mac OS X 10.12.3): Executed 38 of 64 SUCCESS (0 secs / 1.891 secs)
[1A[2KSafari 10.0.3 (Mac OS X 10.12.3): Executed 39 of 64 SUCCESS (0 secs / 1.892 secs)
[1A[2KSafari 10.0.3 (Mac OS X 10.12.3): Executed 40 of 64 SUCCESS (0 secs / 1.894 secs)
[1A[2KSafari 10.0.3 (Mac OS X 10.12.3): Executed 41 of 64 SUCCESS (0 secs / 1.894 secs)
[1A[2KSafari 10.0.3 (Mac OS X 10.12.3): Executed 42 of 64 SUCCESS (0 secs / 1.895 secs)
[1A[2KSafari 10.0.3 (Mac OS X 10.12.3): Executed 43 of 64 SUCCESS (0 secs / 1.895 secs)
[1A[2KSafari 10.0.3 (Mac OS X 10.12.3): Executed 44 of 64 SUCCESS (0 secs / 1.895 secs)
[1A[2KSafari 10.0.3 (Mac OS X 10.12.3): Executed 45 of 64 SUCCESS (0 secs / 1.896 secs)
[1A[2KSafari 10.0.3 (Mac OS X 10.12.3): Executed 46 of 64 SUCCESS (0 secs / 1.897 secs)
[1A[2KSafari 10.0.3 (Mac OS X 10.12.3): Executed 47 of 64 SUCCESS (0 secs / 1.897 secs)
[1A[2KSafari 10.0.3 (Mac OS X 10.12.3): Executed 48 of 64 SUCCESS (0 secs / 2.829 secs)
[1A[2KSafari 10.0.3 (Mac OS X 10.12.3): Executed 49 of 64 SUCCESS (0 secs / 2.831 secs)
[1A[2KSafari 10.0.3 (Mac OS X 10.12.3): Executed 50 of 64 SUCCESS (0 secs / 2.832 secs)
[1A[2KSafari 10.0.3 (Mac OS X 10.12.3): Executed 51 of 64 SUCCESS (0 secs / 2.832 secs)
[1A[2KSafari 10.0.3 (Mac OS X 10.12.3): Executed 52 of 64 SUCCESS (0 secs / 2.832 secs)
[1A[2KSafari 10.0.3 (Mac OS X 10.12.3): Executed 53 of 64 SUCCESS (0 secs / 2.833 secs)
[1A[2KSafari 10.0.3 (Mac OS X 10.12.3): Executed 54 of 64 SUCCESS (0 secs / 2.835 secs)
[1A[2KSafari 10.0.3 (Mac OS X 10.12.3): Executed 55 of 64 SUCCESS (0 secs / 2.836 secs)
[1A[2KSafari 10.0.3 (Mac OS X 10.12.3): Executed 56 of 64 SUCCESS (0 secs / 2.837 secs)
[1A[2KSafari 10.0.3 (Mac OS X 10.12.3): Executed 57 of 64 SUCCESS (0 secs / 2.838 secs)
[1A[2KSafari 10.0.3 (Mac OS X 10.12.3): Executed 58 of 64 SUCCESS (0 secs / 2.839 secs)
[1A[2KSafari 10.0.3 (Mac OS X 10.12.3): Executed 59 of 64 SUCCESS (0 secs / 2.841 secs)
[1A[2KSafari 10.0.3 (Mac OS X 10.12.3): Executed 60 of 64 SUCCESS (0 secs / 2.848 secs)
[1A[2KSafari 10.0.3 (Mac OS X 10.12.3): Executed 61 of 64 SUCCESS (0 secs / 2.853 secs)
[1A[2KSafari 10.0.3 (Mac OS X 10.12.3): Executed 62 of 64 SUCCESS (0 secs / 2.855 secs)
[1A[2KSafari 10.0.3 (Mac OS X 10.12.3): Executed 63 of 64 SUCCESS (0 secs / 2.856 secs)
[1A[2KSafari 10.0.3 (Mac OS X 10.12.3): Executed 64 of 64 SUCCESS (0 secs / 2.858 secs)
[1A[2KSafari 10.0.3 (Mac OS X 10.12.3): Executed 64 of 64 SUCCESS (3.004 secs / 2.858 secs)
