[solitaire-2] Running shell script
+ npm run test-single-run -- --browsers Chrome

> solitaire@0.0.0 test-single-run /private/tmp/jenkins-agent/workspace/solitaire-2
> karma start karma.conf.js --single-run --browsers Chrome

[32m10 02 2017 18:33:08.950:INFO [karma]: [39mKarma v0.13.22 server started at http://localhost:9876/
[32m10 02 2017 18:33:08.962:INFO [launcher]: [39mStarting browser Chrome
[32m10 02 2017 18:33:11.043:INFO [Chrome 56.0.2924 (Mac OS X 10.12.3)]: [39mConnected on socket _bZFdBMm0cvH5vPeAAAA with id 14666172
Chrome 56.0.2924 (Mac OS X 10.12.3): Executed 0 of 64 SUCCESS (0 secs / 0 secs)
[1A[2KChrome 56.0.2924 (Mac OS X 10.12.3): Executed 1 of 64 SUCCESS (0 secs / 0.003 secs)
[1A[2KChrome 56.0.2924 (Mac OS X 10.12.3): Executed 2 of 64 SUCCESS (0 secs / 0.003 secs)
[1A[2KChrome 56.0.2924 (Mac OS X 10.12.3): Executed 3 of 64 SUCCESS (0 secs / 0.024 secs)
[1A[2KChrome 56.0.2924 (Mac OS X 10.12.3): Executed 4 of 64 SUCCESS (0 secs / 0.028 secs)
[1A[2KChrome 56.0.2924 (Mac OS X 10.12.3): Executed 5 of 64 SUCCESS (0 secs / 0.03 secs)
[1A[2KChrome 56.0.2924 (Mac OS X 10.12.3): Executed 6 of 64 SUCCESS (0 secs / 0.033 secs)
[1A[2KChrome 56.0.2924 (Mac OS X 10.12.3): Executed 7 of 64 SUCCESS (0 secs / 0.047 secs)
[1A[2KChrome 56.0.2924 (Mac OS X 10.12.3): Executed 8 of 64 SUCCESS (0 secs / 0.054 secs)
[1A[2KChrome 56.0.2924 (Mac OS X 10.12.3): Executed 9 of 64 SUCCESS (0 secs / 0.057 secs)
[1A[2KChrome 56.0.2924 (Mac OS X 10.12.3): Executed 10 of 64 SUCCESS (0 secs / 0.059 secs)
[1A[2KChrome 56.0.2924 (Mac OS X 10.12.3): Executed 11 of 64 SUCCESS (0 secs / 0.062 secs)
[1A[2KChrome 56.0.2924 (Mac OS X 10.12.3): Executed 12 of 64 SUCCESS (0 secs / 0.065 secs)
[1A[2KChrome 56.0.2924 (Mac OS X 10.12.3): Executed 13 of 64 SUCCESS (0 secs / 0.068 secs)
[1A[2KChrome 56.0.2924 (Mac OS X 10.12.3): Executed 14 of 64 SUCCESS (0 secs / 0.07 secs)
[1A[2KChrome 56.0.2924 (Mac OS X 10.12.3): Executed 15 of 64 SUCCESS (0 secs / 0.071 secs)
[1A[2KChrome 56.0.2924 (Mac OS X 10.12.3): Executed 16 of 64 SUCCESS (0 secs / 0.078 secs)
[1A[2KChrome 56.0.2924 (Mac OS X 10.12.3): Executed 17 of 64 SUCCESS (0 secs / 0.081 secs)
[1A[2KChrome 56.0.2924 (Mac OS X 10.12.3): Executed 18 of 64 SUCCESS (0 secs / 0.083 secs)
[1A[2KChrome 56.0.2924 (Mac OS X 10.12.3): Executed 19 of 64 SUCCESS (0 secs / 0.085 secs)
[1A[2KChrome 56.0.2924 (Mac OS X 10.12.3): Executed 20 of 64 SUCCESS (0 secs / 0.09 secs)
[1A[2KChrome 56.0.2924 (Mac OS X 10.12.3): Executed 21 of 64 SUCCESS (0 secs / 0.095 secs)
[1A[2KChrome 56.0.2924 (Mac OS X 10.12.3): Executed 22 of 64 SUCCESS (0 secs / 0.095 secs)
[1A[2KChrome 56.0.2924 (Mac OS X 10.12.3): Executed 23 of 64 SUCCESS (0 secs / 0.095 secs)
[1A[2KChrome 56.0.2924 (Mac OS X 10.12.3): Executed 24 of 64 SUCCESS (0 secs / 0.095 secs)
[1A[2KChrome 56.0.2924 (Mac OS X 10.12.3): Executed 25 of 64 SUCCESS (0 secs / 0.095 secs)
[1A[2KChrome 56.0.2924 (Mac OS X 10.12.3): Executed 26 of 64 SUCCESS (0 secs / 0.095 secs)
[1A[2KChrome 56.0.2924 (Mac OS X 10.12.3): Executed 27 of 64 SUCCESS (0 secs / 0.095 secs)
[1A[2KChrome 56.0.2924 (Mac OS X 10.12.3): Executed 28 of 64 SUCCESS (0 secs / 0.096 secs)
[1A[2KChrome 56.0.2924 (Mac OS X 10.12.3): Executed 29 of 64 SUCCESS (0 secs / 0.096 secs)
[1A[2KChrome 56.0.2924 (Mac OS X 10.12.3): Executed 30 of 64 SUCCESS (0 secs / 0.096 secs)
[1A[2KChrome 56.0.2924 (Mac OS X 10.12.3): Executed 31 of 64 SUCCESS (0 secs / 0.096 secs)
[1A[2KChrome 56.0.2924 (Mac OS X 10.12.3): Executed 32 of 64 SUCCESS (0 secs / 0.096 secs)
[1A[2KChrome 56.0.2924 (Mac OS X 10.12.3): Executed 33 of 64 SUCCESS (0 secs / 0.099 secs)
[1A[2KChrome 56.0.2924 (Mac OS X 10.12.3): Executed 34 of 64 SUCCESS (0 secs / 0.101 secs)
[1A[2KChrome 56.0.2924 (Mac OS X 10.12.3): Executed 35 of 64 SUCCESS (0 secs / 0.102 secs)
[1A[2KChrome 56.0.2924 (Mac OS X 10.12.3): Executed 36 of 64 SUCCESS (0 secs / 0.102 secs)
[1A[2KChrome 56.0.2924 (Mac OS X 10.12.3): Executed 37 of 64 SUCCESS (0 secs / 0.104 secs)
[1A[2KChrome 56.0.2924 (Mac OS X 10.12.3): Executed 38 of 64 SUCCESS (0 secs / 0.105 secs)
[1A[2KChrome 56.0.2924 (Mac OS X 10.12.3): Executed 39 of 64 SUCCESS (0 secs / 0.11 secs)
[1A[2KChrome 56.0.2924 (Mac OS X 10.12.3): Executed 40 of 64 SUCCESS (0 secs / 0.112 secs)
[1A[2KChrome 56.0.2924 (Mac OS X 10.12.3): Executed 41 of 64 SUCCESS (0 secs / 0.113 secs)
[1A[2KChrome 56.0.2924 (Mac OS X 10.12.3): Executed 42 of 64 SUCCESS (0 secs / 0.113 secs)
[1A[2KChrome 56.0.2924 (Mac OS X 10.12.3): Executed 43 of 64 SUCCESS (0 secs / 0.113 secs)
[1A[2KChrome 56.0.2924 (Mac OS X 10.12.3): Executed 44 of 64 SUCCESS (0 secs / 0.113 secs)
[1A[2KChrome 56.0.2924 (Mac OS X 10.12.3): Executed 45 of 64 SUCCESS (0 secs / 0.113 secs)
[1A[2KChrome 56.0.2924 (Mac OS X 10.12.3): Executed 46 of 64 SUCCESS (0 secs / 0.114 secs)
[1A[2KChrome 56.0.2924 (Mac OS X 10.12.3): Executed 47 of 64 SUCCESS (0 secs / 0.114 secs)
[1A[2KChrome 56.0.2924 (Mac OS X 10.12.3): Executed 48 of 64 SUCCESS (0 secs / 0.116 secs)
[1A[2KChrome 56.0.2924 (Mac OS X 10.12.3): Executed 49 of 64 SUCCESS (0 secs / 0.118 secs)
[1A[2KChrome 56.0.2924 (Mac OS X 10.12.3): Executed 50 of 64 SUCCESS (0 secs / 0.118 secs)
[1A[2KChrome 56.0.2924 (Mac OS X 10.12.3): Executed 51 of 64 SUCCESS (0 secs / 0.119 secs)
[1A[2KChrome 56.0.2924 (Mac OS X 10.12.3): Executed 52 of 64 SUCCESS (0 secs / 0.119 secs)
[1A[2KChrome 56.0.2924 (Mac OS X 10.12.3): Executed 53 of 64 SUCCESS (0 secs / 0.121 secs)
[1A[2KChrome 56.0.2924 (Mac OS X 10.12.3): Executed 54 of 64 SUCCESS (0 secs / 0.124 secs)
[1A[2KChrome 56.0.2924 (Mac OS X 10.12.3): Executed 55 of 64 SUCCESS (0 secs / 0.126 secs)
[1A[2KChrome 56.0.2924 (Mac OS X 10.12.3): Executed 56 of 64 SUCCESS (0 secs / 0.131 secs)
[1A[2KChrome 56.0.2924 (Mac OS X 10.12.3): Executed 57 of 64 SUCCESS (0 secs / 0.133 secs)
[1A[2KChrome 56.0.2924 (Mac OS X 10.12.3): Executed 58 of 64 SUCCESS (0 secs / 0.135 secs)
[1A[2KChrome 56.0.2924 (Mac OS X 10.12.3): Executed 59 of 64 SUCCESS (0 secs / 0.136 secs)
[1A[2KChrome 56.0.2924 (Mac OS X 10.12.3): Executed 60 of 64 SUCCESS (0 secs / 0.137 secs)
[1A[2KChrome 56.0.2924 (Mac OS X 10.12.3): Executed 61 of 64 SUCCESS (0 secs / 0.14 secs)
[1A[2KChrome 56.0.2924 (Mac OS X 10.12.3): Executed 62 of 64 SUCCESS (0 secs / 0.142 secs)
[1A[2KChrome 56.0.2924 (Mac OS X 10.12.3): Executed 63 of 64 SUCCESS (0 secs / 0.143 secs)
[1A[2KChrome 56.0.2924 (Mac OS X 10.12.3): Executed 64 of 64 SUCCESS (0 secs / 0.145 secs)
[1A[2KChrome 56.0.2924 (Mac OS X 10.12.3): Executed 64 of 64 SUCCESS (0.175 secs / 0.145 secs)
