[solitaire-2] Running shell script
+ npm run test-single-run -- --browsers PhantomJS

> solitaire@0.0.0 test-single-run /private/tmp/jenkins-agent/workspace/solitaire-2
> karma start karma.conf.js --single-run --browsers PhantomJS

[32m10 02 2017 18:32:28.637:INFO [karma]: [39mKarma v0.13.22 server started at http://localhost:9876/
[32m10 02 2017 18:32:28.653:INFO [launcher]: [39mStarting browser PhantomJS
[32m10 02 2017 18:32:31.857:INFO [PhantomJS 2.1.1 (Mac OS X 0.0.0)]: [39mConnected on socket mqUNphZB9mxKkCK4AAAA with id 28583479
PhantomJS 2.1.1 (Mac OS X 0.0.0): Executed 0 of 64 SUCCESS (0 secs / 0 secs)
[1A[2KPhantomJS 2.1.1 (Mac OS X 0.0.0): Executed 1 of 64 SUCCESS (0 secs / 0.003 secs)
[1A[2KPhantomJS 2.1.1 (Mac OS X 0.0.0): Executed 2 of 64 SUCCESS (0 secs / 0.003 secs)
[1A[2KPhantomJS 2.1.1 (Mac OS X 0.0.0): Executed 3 of 64 SUCCESS (0 secs / 0.019 secs)
[1A[2KPhantomJS 2.1.1 (Mac OS X 0.0.0): Executed 4 of 64 SUCCESS (0 secs / 0.022 secs)
[1A[2KPhantomJS 2.1.1 (Mac OS X 0.0.0): Executed 5 of 64 SUCCESS (0 secs / 0.027 secs)
[1A[2KPhantomJS 2.1.1 (Mac OS X 0.0.0): Executed 6 of 64 SUCCESS (0 secs / 0.032 secs)
[1A[2KPhantomJS 2.1.1 (Mac OS X 0.0.0): Executed 7 of 64 SUCCESS (0 secs / 0.04 secs)
[1A[2KPhantomJS 2.1.1 (Mac OS X 0.0.0): Executed 8 of 64 SUCCESS (0 secs / 0.049 secs)
[1A[2KPhantomJS 2.1.1 (Mac OS X 0.0.0): Executed 9 of 64 SUCCESS (0 secs / 0.05 secs)
[1A[2KPhantomJS 2.1.1 (Mac OS X 0.0.0): Executed 10 of 64 SUCCESS (0 secs / 0.052 secs)
[1A[2KPhantomJS 2.1.1 (Mac OS X 0.0.0): Executed 11 of 64 SUCCESS (0 secs / 0.054 secs)
[1A[2KPhantomJS 2.1.1 (Mac OS X 0.0.0): Executed 12 of 64 SUCCESS (0 secs / 0.066 secs)
[1A[2KPhantomJS 2.1.1 (Mac OS X 0.0.0): Executed 13 of 64 SUCCESS (0 secs / 0.069 secs)
[1A[2KPhantomJS 2.1.1 (Mac OS X 0.0.0): Executed 14 of 64 SUCCESS (0 secs / 0.071 secs)
[1A[2KPhantomJS 2.1.1 (Mac OS X 0.0.0): Executed 15 of 64 SUCCESS (0 secs / 0.072 secs)
[1A[2KPhantomJS 2.1.1 (Mac OS X 0.0.0): Executed 16 of 64 SUCCESS (0 secs / 0.081 secs)
[1A[2KPhantomJS 2.1.1 (Mac OS X 0.0.0): Executed 17 of 64 SUCCESS (0 secs / 0.084 secs)
[1A[2KPhantomJS 2.1.1 (Mac OS X 0.0.0): Executed 18 of 64 SUCCESS (0 secs / 0.085 secs)
[1A[2KPhantomJS 2.1.1 (Mac OS X 0.0.0): Executed 19 of 64 SUCCESS (0 secs / 0.086 secs)
[1A[2KPhantomJS 2.1.1 (Mac OS X 0.0.0): Executed 20 of 64 SUCCESS (0 secs / 0.088 secs)
[1A[2KPhantomJS 2.1.1 (Mac OS X 0.0.0): Executed 21 of 64 SUCCESS (0 secs / 0.09 secs)
[1A[2KPhantomJS 2.1.1 (Mac OS X 0.0.0): Executed 22 of 64 SUCCESS (0 secs / 0.09 secs)
[1A[2KPhantomJS 2.1.1 (Mac OS X 0.0.0): Executed 23 of 64 SUCCESS (0 secs / 0.09 secs)
[1A[2KPhantomJS 2.1.1 (Mac OS X 0.0.0): Executed 24 of 64 SUCCESS (0 secs / 0.091 secs)
[1A[2KPhantomJS 2.1.1 (Mac OS X 0.0.0): Executed 25 of 64 SUCCESS (0 secs / 0.091 secs)
[1A[2KPhantomJS 2.1.1 (Mac OS X 0.0.0): Executed 26 of 64 SUCCESS (0 secs / 0.091 secs)
[1A[2KPhantomJS 2.1.1 (Mac OS X 0.0.0): Executed 27 of 64 SUCCESS (0 secs / 0.092 secs)
[1A[2KPhantomJS 2.1.1 (Mac OS X 0.0.0): Executed 28 of 64 SUCCESS (0 secs / 0.092 secs)
[1A[2KPhantomJS 2.1.1 (Mac OS X 0.0.0): Executed 29 of 64 SUCCESS (0 secs / 0.092 secs)
[1A[2KPhantomJS 2.1.1 (Mac OS X 0.0.0): Executed 30 of 64 SUCCESS (0 secs / 0.093 secs)
[1A[2KPhantomJS 2.1.1 (Mac OS X 0.0.0): Executed 31 of 64 SUCCESS (0 secs / 0.093 secs)
[1A[2KPhantomJS 2.1.1 (Mac OS X 0.0.0): Executed 32 of 64 SUCCESS (0 secs / 0.106 secs)
[1A[2KPhantomJS 2.1.1 (Mac OS X 0.0.0): Executed 33 of 64 SUCCESS (0 secs / 0.109 secs)
[1A[2KPhantomJS 2.1.1 (Mac OS X 0.0.0): Executed 34 of 64 SUCCESS (0 secs / 0.11 secs)
[1A[2KPhantomJS 2.1.1 (Mac OS X 0.0.0): Executed 35 of 64 SUCCESS (0 secs / 0.11 secs)
[1A[2KPhantomJS 2.1.1 (Mac OS X 0.0.0): Executed 36 of 64 SUCCESS (0 secs / 0.111 secs)
[1A[2KPhantomJS 2.1.1 (Mac OS X 0.0.0): Executed 37 of 64 SUCCESS (0 secs / 0.116 secs)
[1A[2KPhantomJS 2.1.1 (Mac OS X 0.0.0): Executed 38 of 64 SUCCESS (0 secs / 0.117 secs)
[1A[2KPhantomJS 2.1.1 (Mac OS X 0.0.0): Executed 39 of 64 SUCCESS (0 secs / 0.12 secs)
[1A[2KPhantomJS 2.1.1 (Mac OS X 0.0.0): Executed 40 of 64 SUCCESS (0 secs / 0.121 secs)
[1A[2KPhantomJS 2.1.1 (Mac OS X 0.0.0): Executed 41 of 64 SUCCESS (0 secs / 0.121 secs)
[1A[2KPhantomJS 2.1.1 (Mac OS X 0.0.0): Executed 42 of 64 SUCCESS (0 secs / 0.121 secs)
[1A[2KPhantomJS 2.1.1 (Mac OS X 0.0.0): Executed 43 of 64 SUCCESS (0 secs / 0.122 secs)
[1A[2KPhantomJS 2.1.1 (Mac OS X 0.0.0): Executed 44 of 64 SUCCESS (0 secs / 0.122 secs)
[1A[2KPhantomJS 2.1.1 (Mac OS X 0.0.0): Executed 45 of 64 SUCCESS (0 secs / 0.122 secs)
[1A[2KPhantomJS 2.1.1 (Mac OS X 0.0.0): Executed 46 of 64 SUCCESS (0 secs / 0.123 secs)
[1A[2KPhantomJS 2.1.1 (Mac OS X 0.0.0): Executed 47 of 64 SUCCESS (0 secs / 0.124 secs)
[1A[2KPhantomJS 2.1.1 (Mac OS X 0.0.0): Executed 48 of 64 SUCCESS (0 secs / 0.128 secs)
[1A[2KPhantomJS 2.1.1 (Mac OS X 0.0.0): Executed 49 of 64 SUCCESS (0 secs / 0.13 secs)
[1A[2KPhantomJS 2.1.1 (Mac OS X 0.0.0): Executed 50 of 64 SUCCESS (0 secs / 0.13 secs)
[1A[2KPhantomJS 2.1.1 (Mac OS X 0.0.0): Executed 51 of 64 SUCCESS (0 secs / 0.131 secs)
[1A[2KPhantomJS 2.1.1 (Mac OS X 0.0.0): Executed 52 of 64 SUCCESS (0 secs / 0.131 secs)
[1A[2KPhantomJS 2.1.1 (Mac OS X 0.0.0): Executed 53 of 64 SUCCESS (0 secs / 0.132 secs)
[1A[2KPhantomJS 2.1.1 (Mac OS X 0.0.0): Executed 54 of 64 SUCCESS (0 secs / 0.144 secs)
[1A[2KPhantomJS 2.1.1 (Mac OS X 0.0.0): Executed 55 of 64 SUCCESS (0 secs / 0.145 secs)
[1A[2KPhantomJS 2.1.1 (Mac OS X 0.0.0): Executed 56 of 64 SUCCESS (0 secs / 0.147 secs)
[1A[2KPhantomJS 2.1.1 (Mac OS X 0.0.0): Executed 57 of 64 SUCCESS (0 secs / 0.148 secs)
[1A[2KPhantomJS 2.1.1 (Mac OS X 0.0.0): Executed 58 of 64 SUCCESS (0 secs / 0.149 secs)
[1A[2KPhantomJS 2.1.1 (Mac OS X 0.0.0): Executed 59 of 64 SUCCESS (0 secs / 0.153 secs)
[1A[2KPhantomJS 2.1.1 (Mac OS X 0.0.0): Executed 60 of 64 SUCCESS (0 secs / 0.158 secs)
[1A[2KPhantomJS 2.1.1 (Mac OS X 0.0.0): Executed 61 of 64 SUCCESS (0 secs / 0.161 secs)
[1A[2KPhantomJS 2.1.1 (Mac OS X 0.0.0): Executed 62 of 64 SUCCESS (0 secs / 0.163 secs)
[1A[2KPhantomJS 2.1.1 (Mac OS X 0.0.0): Executed 63 of 64 SUCCESS (0 secs / 0.164 secs)
[1A[2KPhantomJS 2.1.1 (Mac OS X 0.0.0): Executed 64 of 64 SUCCESS (0 secs / 0.165 secs)
[1A[2KPhantomJS 2.1.1 (Mac OS X 0.0.0): Executed 64 of 64 SUCCESS (0.127 secs / 0.165 secs)
