[solitaire] Running shell script
+ npm run test-single-run -- --browsers Chrome

> solitaire@0.0.0 test-single-run /Users/padmakar/.jenkins/workspace/solitaire
> karma start karma.conf.js --single-run --browsers Chrome

[32m10 02 2017 16:44:40.819:INFO [karma]: [39mKarma v0.13.22 server started at http://localhost:9876/
[32m10 02 2017 16:44:40.833:INFO [launcher]: [39mStarting browser Chrome
[32m10 02 2017 16:44:43.823:INFO [Chrome 56.0.2924 (Mac OS X 10.12.3)]: [39mConnected on socket ipzuPQWX76psTo3uAAAA with id 15203370
Chrome 56.0.2924 (Mac OS X 10.12.3): Executed 0 of 64 SUCCESS (0 secs / 0 secs)
[1A[2KChrome 56.0.2924 (Mac OS X 10.12.3): Executed 1 of 64 SUCCESS (0 secs / 0.005 secs)
[1A[2KChrome 56.0.2924 (Mac OS X 10.12.3): Executed 2 of 64 SUCCESS (0 secs / 0.005 secs)
[1A[2KChrome 56.0.2924 (Mac OS X 10.12.3): Executed 3 of 64 SUCCESS (0 secs / 0.041 secs)
[1A[2KChrome 56.0.2924 (Mac OS X 10.12.3): Executed 4 of 64 SUCCESS (0 secs / 0.047 secs)
[1A[2KChrome 56.0.2924 (Mac OS X 10.12.3): Executed 5 of 64 SUCCESS (0 secs / 0.052 secs)
[1A[2KChrome 56.0.2924 (Mac OS X 10.12.3): Executed 6 of 64 SUCCESS (0 secs / 0.055 secs)
[1A[2KChrome 56.0.2924 (Mac OS X 10.12.3): Executed 7 of 64 SUCCESS (0 secs / 0.087 secs)
[1A[2KChrome 56.0.2924 (Mac OS X 10.12.3): Executed 8 of 64 SUCCESS (0 secs / 0.098 secs)
[1A[2KChrome 56.0.2924 (Mac OS X 10.12.3): Executed 9 of 64 SUCCESS (0 secs / 0.1 secs)
[1A[2KChrome 56.0.2924 (Mac OS X 10.12.3): Executed 10 of 64 SUCCESS (0 secs / 0.104 secs)
[1A[2KChrome 56.0.2924 (Mac OS X 10.12.3): Executed 11 of 64 SUCCESS (0 secs / 0.113 secs)
[1A[2KChrome 56.0.2924 (Mac OS X 10.12.3): Executed 12 of 64 SUCCESS (0 secs / 0.152 secs)
[1A[2KChrome 56.0.2924 (Mac OS X 10.12.3): Executed 13 of 64 SUCCESS (0 secs / 0.158 secs)
[1A[2KChrome 56.0.2924 (Mac OS X 10.12.3): Executed 14 of 64 SUCCESS (0 secs / 0.16 secs)
[1A[2KChrome 56.0.2924 (Mac OS X 10.12.3): Executed 15 of 64 SUCCESS (0 secs / 0.196 secs)
[1A[2KChrome 56.0.2924 (Mac OS X 10.12.3): Executed 16 of 64 SUCCESS (0 secs / 0.21 secs)
[1A[2KChrome 56.0.2924 (Mac OS X 10.12.3): Executed 17 of 64 SUCCESS (0 secs / 0.232 secs)
[1A[2KChrome 56.0.2924 (Mac OS X 10.12.3): Executed 18 of 64 SUCCESS (0 secs / 0.312 secs)
[1A[2KChrome 56.0.2924 (Mac OS X 10.12.3): Executed 19 of 64 SUCCESS (0 secs / 0.316 secs)
[1A[2KChrome 56.0.2924 (Mac OS X 10.12.3): Executed 20 of 64 SUCCESS (0 secs / 0.337 secs)
[1A[2KChrome 56.0.2924 (Mac OS X 10.12.3): Executed 21 of 64 SUCCESS (0 secs / 0.341 secs)
[1A[2KChrome 56.0.2924 (Mac OS X 10.12.3): Executed 22 of 64 SUCCESS (0 secs / 0.342 secs)
[1A[2KChrome 56.0.2924 (Mac OS X 10.12.3): Executed 23 of 64 SUCCESS (0 secs / 0.342 secs)
[1A[2KChrome 56.0.2924 (Mac OS X 10.12.3): Executed 24 of 64 SUCCESS (0 secs / 0.342 secs)
[1A[2KChrome 56.0.2924 (Mac OS X 10.12.3): Executed 25 of 64 SUCCESS (0 secs / 0.342 secs)
[1A[2KChrome 56.0.2924 (Mac OS X 10.12.3): Executed 26 of 64 SUCCESS (0 secs / 0.342 secs)
[1A[2KChrome 56.0.2924 (Mac OS X 10.12.3): Executed 27 of 64 SUCCESS (0 secs / 0.342 secs)
[1A[2KChrome 56.0.2924 (Mac OS X 10.12.3): Executed 28 of 64 SUCCESS (0 secs / 0.342 secs)
[1A[2KChrome 56.0.2924 (Mac OS X 10.12.3): Executed 29 of 64 SUCCESS (0 secs / 0.342 secs)
[1A[2KChrome 56.0.2924 (Mac OS X 10.12.3): Executed 30 of 64 SUCCESS (0 secs / 0.343 secs)
[1A[2KChrome 56.0.2924 (Mac OS X 10.12.3): Executed 31 of 64 SUCCESS (0 secs / 0.343 secs)
[1A[2KChrome 56.0.2924 (Mac OS X 10.12.3): Executed 32 of 64 SUCCESS (0 secs / 0.343 secs)
[1A[2KChrome 56.0.2924 (Mac OS X 10.12.3): Executed 33 of 64 SUCCESS (0 secs / 0.346 secs)
[1A[2KChrome 56.0.2924 (Mac OS X 10.12.3): Executed 34 of 64 SUCCESS (0 secs / 0.346 secs)
[1A[2KChrome 56.0.2924 (Mac OS X 10.12.3): Executed 35 of 64 SUCCESS (0 secs / 0.346 secs)
[1A[2KChrome 56.0.2924 (Mac OS X 10.12.3): Executed 36 of 64 SUCCESS (0 secs / 0.346 secs)
[1A[2KChrome 56.0.2924 (Mac OS X 10.12.3): Executed 37 of 64 SUCCESS (0 secs / 0.347 secs)
[1A[2KChrome 56.0.2924 (Mac OS X 10.12.3): Executed 38 of 64 SUCCESS (0 secs / 0.349 secs)
[1A[2KChrome 56.0.2924 (Mac OS X 10.12.3): Executed 39 of 64 SUCCESS (0 secs / 0.355 secs)
[1A[2KChrome 56.0.2924 (Mac OS X 10.12.3): Executed 40 of 64 SUCCESS (0 secs / 0.356 secs)
[1A[2KChrome 56.0.2924 (Mac OS X 10.12.3): Executed 41 of 64 SUCCESS (0 secs / 0.357 secs)
[1A[2KChrome 56.0.2924 (Mac OS X 10.12.3): Executed 42 of 64 SUCCESS (0 secs / 0.357 secs)
[1A[2KChrome 56.0.2924 (Mac OS X 10.12.3): Executed 43 of 64 SUCCESS (0 secs / 0.357 secs)
[1A[2KChrome 56.0.2924 (Mac OS X 10.12.3): Executed 44 of 64 SUCCESS (0 secs / 0.357 secs)
[1A[2KChrome 56.0.2924 (Mac OS X 10.12.3): Executed 45 of 64 SUCCESS (0 secs / 0.358 secs)
[1A[2KChrome 56.0.2924 (Mac OS X 10.12.3): Executed 46 of 64 SUCCESS (0 secs / 0.359 secs)
[1A[2KChrome 56.0.2924 (Mac OS X 10.12.3): Executed 47 of 64 SUCCESS (0 secs / 0.359 secs)
[1A[2KChrome 56.0.2924 (Mac OS X 10.12.3): Executed 48 of 64 SUCCESS (0 secs / 0.361 secs)
[1A[2KChrome 56.0.2924 (Mac OS X 10.12.3): Executed 49 of 64 SUCCESS (0 secs / 0.362 secs)
[1A[2KChrome 56.0.2924 (Mac OS X 10.12.3): Executed 50 of 64 SUCCESS (0 secs / 0.362 secs)
[1A[2KChrome 56.0.2924 (Mac OS X 10.12.3): Executed 51 of 64 SUCCESS (0 secs / 0.363 secs)
[1A[2KChrome 56.0.2924 (Mac OS X 10.12.3): Executed 52 of 64 SUCCESS (0 secs / 0.363 secs)
[1A[2KChrome 56.0.2924 (Mac OS X 10.12.3): Executed 53 of 64 SUCCESS (0 secs / 0.365 secs)
[1A[2KChrome 56.0.2924 (Mac OS X 10.12.3): Executed 54 of 64 SUCCESS (0 secs / 0.367 secs)
[1A[2KChrome 56.0.2924 (Mac OS X 10.12.3): Executed 55 of 64 SUCCESS (0 secs / 0.368 secs)
[1A[2KChrome 56.0.2924 (Mac OS X 10.12.3): Executed 56 of 64 SUCCESS (0 secs / 0.372 secs)
[1A[2KChrome 56.0.2924 (Mac OS X 10.12.3): Executed 57 of 64 SUCCESS (0 secs / 0.374 secs)
[1A[2KChrome 56.0.2924 (Mac OS X 10.12.3): Executed 58 of 64 SUCCESS (0 secs / 0.382 secs)
[1A[2KChrome 56.0.2924 (Mac OS X 10.12.3): Executed 59 of 64 SUCCESS (0 secs / 0.384 secs)
[1A[2KChrome 56.0.2924 (Mac OS X 10.12.3): Executed 60 of 64 SUCCESS (0 secs / 0.4 secs)
[1A[2KChrome 56.0.2924 (Mac OS X 10.12.3): Executed 61 of 64 SUCCESS (0 secs / 0.402 secs)
[1A[2KChrome 56.0.2924 (Mac OS X 10.12.3): Executed 62 of 64 SUCCESS (0 secs / 0.405 secs)
[1A[2KChrome 56.0.2924 (Mac OS X 10.12.3): Executed 63 of 64 SUCCESS (0 secs / 0.407 secs)
[1A[2KChrome 56.0.2924 (Mac OS X 10.12.3): Executed 64 of 64 SUCCESS (0 secs / 0.408 secs)
[1A[2KChrome 56.0.2924 (Mac OS X 10.12.3): Executed 64 of 64 SUCCESS (0.422 secs / 0.408 secs)
