[solitaire] Running shell script
+ npm run test-single-run -- --browsers Firefox

> solitaire@0.0.0 test-single-run /Users/padmakar/.jenkins/workspace/solitaire
> karma start karma.conf.js --single-run --browsers Firefox

[32m10 02 2017 17:58:51.674:INFO [karma]: [39mKarma v0.13.22 server started at http://localhost:9876/
[32m10 02 2017 17:58:51.687:INFO [launcher]: [39mStarting browser Firefox
[32m10 02 2017 17:58:58.615:INFO [Firefox 37.0.0 (Mac OS X 10.12.0)]: [39mConnected on socket BcQPaBungHX7kkqDAAAA with id 7420154
Firefox 37.0.0 (Mac OS X 10.12.0): Executed 0 of 64 SUCCESS (0 secs / 0 secs)
[1A[2KFirefox 37.0.0 (Mac OS X 10.12.0): Executed 1 of 64 SUCCESS (0 secs / 0.037 secs)
[1A[2KFirefox 37.0.0 (Mac OS X 10.12.0): Executed 2 of 64 SUCCESS (0 secs / 0.043 secs)
[1A[2KFirefox 37.0.0 (Mac OS X 10.12.0): Executed 3 of 64 SUCCESS (0 secs / 0.095 secs)
[1A[2KFirefox 37.0.0 (Mac OS X 10.12.0): Executed 4 of 64 SUCCESS (0 secs / 0.114 secs)
[1A[2KFirefox 37.0.0 (Mac OS X 10.12.0): Executed 5 of 64 SUCCESS (0 secs / 0.119 secs)
[1A[2KFirefox 37.0.0 (Mac OS X 10.12.0): Executed 6 of 64 SUCCESS (0 secs / 0.125 secs)
[1A[2KFirefox 37.0.0 (Mac OS X 10.12.0): Executed 7 of 64 SUCCESS (0 secs / 0.138 secs)
[1A[2KFirefox 37.0.0 (Mac OS X 10.12.0): Executed 8 of 64 SUCCESS (0 secs / 0.144 secs)
[1A[2KFirefox 37.0.0 (Mac OS X 10.12.0): Executed 9 of 64 SUCCESS (0 secs / 0.15 secs)
[1A[2KFirefox 37.0.0 (Mac OS X 10.12.0): Executed 10 of 64 SUCCESS (0 secs / 0.212 secs)
[1A[2KFirefox 37.0.0 (Mac OS X 10.12.0): Executed 11 of 64 SUCCESS (0 secs / 0.219 secs)
[1A[2KFirefox 37.0.0 (Mac OS X 10.12.0): Executed 12 of 64 SUCCESS (0 secs / 0.225 secs)
[1A[2KFirefox 37.0.0 (Mac OS X 10.12.0): Executed 13 of 64 SUCCESS (0 secs / 0.231 secs)
[1A[2KFirefox 37.0.0 (Mac OS X 10.12.0): Executed 14 of 64 SUCCESS (0 secs / 0.296 secs)
[1A[2KFirefox 37.0.0 (Mac OS X 10.12.0): Executed 15 of 64 SUCCESS (0 secs / 0.302 secs)
[1A[2KFirefox 37.0.0 (Mac OS X 10.12.0): Executed 16 of 64 SUCCESS (0 secs / 0.334 secs)
[1A[2KFirefox 37.0.0 (Mac OS X 10.12.0): Executed 17 of 64 SUCCESS (0 secs / 0.389 secs)
[1A[2KFirefox 37.0.0 (Mac OS X 10.12.0): Executed 18 of 64 SUCCESS (0 secs / 0.392 secs)
[1A[2KFirefox 37.0.0 (Mac OS X 10.12.0): Executed 19 of 64 SUCCESS (0 secs / 0.395 secs)
[1A[2KFirefox 37.0.0 (Mac OS X 10.12.0): Executed 20 of 64 SUCCESS (0 secs / 0.398 secs)
[1A[2KFirefox 37.0.0 (Mac OS X 10.12.0): Executed 21 of 64 SUCCESS (0 secs / 0.402 secs)
[1A[2KFirefox 37.0.0 (Mac OS X 10.12.0): Executed 22 of 64 SUCCESS (0 secs / 0.402 secs)
[1A[2KFirefox 37.0.0 (Mac OS X 10.12.0): Executed 23 of 64 SUCCESS (0 secs / 0.403 secs)
[1A[2KFirefox 37.0.0 (Mac OS X 10.12.0): Executed 24 of 64 SUCCESS (0 secs / 0.404 secs)
[1A[2KFirefox 37.0.0 (Mac OS X 10.12.0): Executed 25 of 64 SUCCESS (0 secs / 0.405 secs)
[1A[2KFirefox 37.0.0 (Mac OS X 10.12.0): Executed 26 of 64 SUCCESS (0 secs / 0.406 secs)
[1A[2KFirefox 37.0.0 (Mac OS X 10.12.0): Executed 27 of 64 SUCCESS (0 secs / 0.406 secs)
[1A[2KFirefox 37.0.0 (Mac OS X 10.12.0): Executed 28 of 64 SUCCESS (0 secs / 0.407 secs)
[1A[2KFirefox 37.0.0 (Mac OS X 10.12.0): Executed 29 of 64 SUCCESS (0 secs / 0.408 secs)
[1A[2KFirefox 37.0.0 (Mac OS X 10.12.0): Executed 30 of 64 SUCCESS (0 secs / 0.409 secs)
[1A[2KFirefox 37.0.0 (Mac OS X 10.12.0): Executed 31 of 64 SUCCESS (0 secs / 0.41 secs)
[1A[2KFirefox 37.0.0 (Mac OS X 10.12.0): Executed 32 of 64 SUCCESS (0 secs / 0.41 secs)
[1A[2KFirefox 37.0.0 (Mac OS X 10.12.0): Executed 33 of 64 SUCCESS (0 secs / 0.43 secs)
[1A[2KFirefox 37.0.0 (Mac OS X 10.12.0): Executed 34 of 64 SUCCESS (0 secs / 0.431 secs)
[1A[2KFirefox 37.0.0 (Mac OS X 10.12.0): Executed 35 of 64 SUCCESS (0 secs / 0.431 secs)
[1A[2KFirefox 37.0.0 (Mac OS X 10.12.0): Executed 36 of 64 SUCCESS (0 secs / 0.432 secs)
[1A[2KFirefox 37.0.0 (Mac OS X 10.12.0): Executed 37 of 64 SUCCESS (0 secs / 0.435 secs)
[1A[2KFirefox 37.0.0 (Mac OS X 10.12.0): Executed 38 of 64 SUCCESS (0 secs / 0.438 secs)
[1A[2KFirefox 37.0.0 (Mac OS X 10.12.0): Executed 39 of 64 SUCCESS (0 secs / 0.468 secs)
[1A[2KFirefox 37.0.0 (Mac OS X 10.12.0): Executed 40 of 64 SUCCESS (0 secs / 0.474 secs)
[1A[2KFirefox 37.0.0 (Mac OS X 10.12.0): Executed 41 of 64 SUCCESS (0 secs / 0.474 secs)
[1A[2KFirefox 37.0.0 (Mac OS X 10.12.0): Executed 42 of 64 SUCCESS (0 secs / 0.474 secs)
[1A[2KFirefox 37.0.0 (Mac OS X 10.12.0): Executed 43 of 64 SUCCESS (0 secs / 0.474 secs)
[1A[2KFirefox 37.0.0 (Mac OS X 10.12.0): Executed 44 of 64 SUCCESS (0 secs / 0.475 secs)
[1A[2KFirefox 37.0.0 (Mac OS X 10.12.0): Executed 45 of 64 SUCCESS (0 secs / 0.475 secs)
[1A[2KFirefox 37.0.0 (Mac OS X 10.12.0): Executed 46 of 64 SUCCESS (0 secs / 0.478 secs)
[1A[2KFirefox 37.0.0 (Mac OS X 10.12.0): Executed 47 of 64 SUCCESS (0 secs / 0.478 secs)
[1A[2KFirefox 37.0.0 (Mac OS X 10.12.0): Executed 48 of 64 SUCCESS (0 secs / 0.489 secs)
[1A[2KFirefox 37.0.0 (Mac OS X 10.12.0): Executed 49 of 64 SUCCESS (0 secs / 0.5 secs)
[1A[2KFirefox 37.0.0 (Mac OS X 10.12.0): Executed 50 of 64 SUCCESS (0 secs / 0.5 secs)
[1A[2KFirefox 37.0.0 (Mac OS X 10.12.0): Executed 51 of 64 SUCCESS (0 secs / 0.512 secs)
[1A[2KFirefox 37.0.0 (Mac OS X 10.12.0): Executed 52 of 64 SUCCESS (0 secs / 0.513 secs)
[1A[2KFirefox 37.0.0 (Mac OS X 10.12.0): Executed 53 of 64 SUCCESS (0 secs / 0.547 secs)
[1A[2KFirefox 37.0.0 (Mac OS X 10.12.0): Executed 54 of 64 SUCCESS (0 secs / 0.588 secs)
[1A[2KFirefox 37.0.0 (Mac OS X 10.12.0): Executed 55 of 64 SUCCESS (0 secs / 0.591 secs)
[1A[2KFirefox 37.0.0 (Mac OS X 10.12.0): Executed 56 of 64 SUCCESS (0 secs / 0.594 secs)
[1A[2KFirefox 37.0.0 (Mac OS X 10.12.0): Executed 57 of 64 SUCCESS (0 secs / 0.595 secs)
[1A[2KFirefox 37.0.0 (Mac OS X 10.12.0): Executed 58 of 64 SUCCESS (0 secs / 0.612 secs)
[1A[2KFirefox 37.0.0 (Mac OS X 10.12.0): Executed 59 of 64 SUCCESS (0 secs / 0.619 secs)
[1A[2KFirefox 37.0.0 (Mac OS X 10.12.0): Executed 60 of 64 SUCCESS (0 secs / 0.623 secs)
[1A[2KFirefox 37.0.0 (Mac OS X 10.12.0): Executed 61 of 64 SUCCESS (0 secs / 0.627 secs)
[1A[2KFirefox 37.0.0 (Mac OS X 10.12.0): Executed 62 of 64 SUCCESS (0 secs / 0.631 secs)
[1A[2KFirefox 37.0.0 (Mac OS X 10.12.0): Executed 63 of 64 SUCCESS (0 secs / 0.632 secs)
[1A[2KFirefox 37.0.0 (Mac OS X 10.12.0): Executed 64 of 64 SUCCESS (0 secs / 0.636 secs)
[1A[2KFirefox 37.0.0 (Mac OS X 10.12.0): Executed 64 of 64 SUCCESS (0.948 secs / 0.636 secs)
