[solitaire@2] Running shell script
+ npm run test-single-run -- --browsers Safari

> solitaire@0.0.0 test-single-run /Users/padmakar/.jenkins/workspace/solitaire@2
> karma start karma.conf.js --single-run --browsers Safari

[33m10 02 2017 17:58:51.753:WARN [karma]: [39mPort 9876 in use
[32m10 02 2017 17:58:51.757:INFO [karma]: [39mKarma v0.13.22 server started at http://localhost:9877/
[32m10 02 2017 17:58:51.961:INFO [launcher]: [39mStarting browser Safari
[32m10 02 2017 17:58:56.174:INFO [Safari 10.0.3 (Mac OS X 10.12.3)]: [39mConnected on socket pqKlCylxW4UVEIsmAAAA with id 80135149
Safari 10.0.3 (Mac OS X 10.12.3): Executed 0 of 64 SUCCESS (0 secs / 0 secs)
[1A[2KSafari 10.0.3 (Mac OS X 10.12.3): Executed 1 of 64 SUCCESS (0 secs / 0.003 secs)
[1A[2KSafari 10.0.3 (Mac OS X 10.12.3): Executed 2 of 64 SUCCESS (0 secs / 0.004 secs)
[1A[2KSafari 10.0.3 (Mac OS X 10.12.3): Executed 3 of 64 SUCCESS (0 secs / 0.012 secs)
[1A[2KSafari 10.0.3 (Mac OS X 10.12.3): Executed 4 of 64 SUCCESS (0 secs / 0.022 secs)
[1A[2KSafari 10.0.3 (Mac OS X 10.12.3): Executed 5 of 64 SUCCESS (0 secs / 0.024 secs)
[1A[2KSafari 10.0.3 (Mac OS X 10.12.3): Executed 6 of 64 SUCCESS (0 secs / 0.027 secs)
[1A[2KSafari 10.0.3 (Mac OS X 10.12.3): Executed 7 of 64 SUCCESS (0 secs / 0.052 secs)
[1A[2KSafari 10.0.3 (Mac OS X 10.12.3): Executed 8 of 64 SUCCESS (0 secs / 0.058 secs)
[1A[2KSafari 10.0.3 (Mac OS X 10.12.3): Executed 9 of 64 SUCCESS (0 secs / 0.065 secs)
[1A[2KSafari 10.0.3 (Mac OS X 10.12.3): Executed 10 of 64 SUCCESS (0 secs / 0.079 secs)
[1A[2KSafari 10.0.3 (Mac OS X 10.12.3): Executed 11 of 64 SUCCESS (0 secs / 0.083 secs)
[1A[2KSafari 10.0.3 (Mac OS X 10.12.3): Executed 12 of 64 SUCCESS (0 secs / 0.085 secs)
[1A[2KSafari 10.0.3 (Mac OS X 10.12.3): Executed 13 of 64 SUCCESS (0 secs / 0.088 secs)
[1A[2KSafari 10.0.3 (Mac OS X 10.12.3): Executed 14 of 64 SUCCESS (0 secs / 0.101 secs)
[1A[2KSafari 10.0.3 (Mac OS X 10.12.3): Executed 15 of 64 SUCCESS (0 secs / 0.113 secs)
[1A[2KSafari 10.0.3 (Mac OS X 10.12.3): Executed 16 of 64 SUCCESS (0 secs / 0.125 secs)
[1A[2KSafari 10.0.3 (Mac OS X 10.12.3): Executed 17 of 64 SUCCESS (0 secs / 0.663 secs)
[1A[2KSafari 10.0.3 (Mac OS X 10.12.3): Executed 18 of 64 SUCCESS (0 secs / 0.666 secs)
[1A[2KSafari 10.0.3 (Mac OS X 10.12.3): Executed 19 of 64 SUCCESS (0 secs / 0.667 secs)
[1A[2KSafari 10.0.3 (Mac OS X 10.12.3): Executed 20 of 64 SUCCESS (0 secs / 0.68 secs)
[1A[2KSafari 10.0.3 (Mac OS X 10.12.3): Executed 21 of 64 SUCCESS (0 secs / 0.682 secs)
[1A[2KSafari 10.0.3 (Mac OS X 10.12.3): Executed 22 of 64 SUCCESS (0 secs / 0.703 secs)
[1A[2KSafari 10.0.3 (Mac OS X 10.12.3): Executed 23 of 64 SUCCESS (0 secs / 0.703 secs)
[1A[2KSafari 10.0.3 (Mac OS X 10.12.3): Executed 24 of 64 SUCCESS (0 secs / 0.704 secs)
[1A[2KSafari 10.0.3 (Mac OS X 10.12.3): Executed 25 of 64 SUCCESS (0 secs / 0.704 secs)
[1A[2KSafari 10.0.3 (Mac OS X 10.12.3): Executed 26 of 64 SUCCESS (0 secs / 0.704 secs)
[1A[2KSafari 10.0.3 (Mac OS X 10.12.3): Executed 27 of 64 SUCCESS (0 secs / 0.704 secs)
[1A[2KSafari 10.0.3 (Mac OS X 10.12.3): Executed 28 of 64 SUCCESS (0 secs / 0.704 secs)
[1A[2KSafari 10.0.3 (Mac OS X 10.12.3): Executed 29 of 64 SUCCESS (0 secs / 0.704 secs)
[1A[2KSafari 10.0.3 (Mac OS X 10.12.3): Executed 30 of 64 SUCCESS (0 secs / 0.705 secs)
[1A[2KSafari 10.0.3 (Mac OS X 10.12.3): Executed 31 of 64 SUCCESS (0 secs / 0.706 secs)
[1A[2KSafari 10.0.3 (Mac OS X 10.12.3): Executed 32 of 64 SUCCESS (0 secs / 0.706 secs)
[1A[2KSafari 10.0.3 (Mac OS X 10.12.3): Executed 33 of 64 SUCCESS (0 secs / 1.794 secs)
[1A[2KSafari 10.0.3 (Mac OS X 10.12.3): Executed 34 of 64 SUCCESS (0 secs / 1.795 secs)
[1A[2KSafari 10.0.3 (Mac OS X 10.12.3): Executed 35 of 64 SUCCESS (0 secs / 1.795 secs)
[1A[2KSafari 10.0.3 (Mac OS X 10.12.3): Executed 36 of 64 SUCCESS (0 secs / 1.796 secs)
[1A[2KSafari 10.0.3 (Mac OS X 10.12.3): Executed 37 of 64 SUCCESS (0 secs / 1.798 secs)
[1A[2KSafari 10.0.3 (Mac OS X 10.12.3): Executed 38 of 64 SUCCESS (0 secs / 1.8 secs)
[1A[2KSafari 10.0.3 (Mac OS X 10.12.3): Executed 39 of 64 SUCCESS (0 secs / 1.801 secs)
[1A[2KSafari 10.0.3 (Mac OS X 10.12.3): Executed 40 of 64 SUCCESS (0 secs / 1.802 secs)
[1A[2KSafari 10.0.3 (Mac OS X 10.12.3): Executed 41 of 64 SUCCESS (0 secs / 1.802 secs)
[1A[2KSafari 10.0.3 (Mac OS X 10.12.3): Executed 42 of 64 SUCCESS (0 secs / 1.803 secs)
[1A[2KSafari 10.0.3 (Mac OS X 10.12.3): Executed 43 of 64 SUCCESS (0 secs / 1.803 secs)
[1A[2KSafari 10.0.3 (Mac OS X 10.12.3): Executed 44 of 64 SUCCESS (0 secs / 1.803 secs)
[1A[2KSafari 10.0.3 (Mac OS X 10.12.3): Executed 45 of 64 SUCCESS (0 secs / 1.803 secs)
[1A[2KSafari 10.0.3 (Mac OS X 10.12.3): Executed 46 of 64 SUCCESS (0 secs / 1.804 secs)
[1A[2KSafari 10.0.3 (Mac OS X 10.12.3): Executed 47 of 64 SUCCESS (0 secs / 1.804 secs)
[1A[2KSafari 10.0.3 (Mac OS X 10.12.3): Executed 48 of 64 SUCCESS (0 secs / 2.653 secs)
[1A[2KSafari 10.0.3 (Mac OS X 10.12.3): Executed 49 of 64 SUCCESS (0 secs / 2.655 secs)
[1A[2KSafari 10.0.3 (Mac OS X 10.12.3): Executed 50 of 64 SUCCESS (0 secs / 2.655 secs)
[1A[2KSafari 10.0.3 (Mac OS X 10.12.3): Executed 51 of 64 SUCCESS (0 secs / 2.655 secs)
[1A[2KSafari 10.0.3 (Mac OS X 10.12.3): Executed 52 of 64 SUCCESS (0 secs / 2.655 secs)
[1A[2KSafari 10.0.3 (Mac OS X 10.12.3): Executed 53 of 64 SUCCESS (0 secs / 2.667 secs)
[1A[2KSafari 10.0.3 (Mac OS X 10.12.3): Executed 54 of 64 SUCCESS (0 secs / 2.669 secs)
[1A[2KSafari 10.0.3 (Mac OS X 10.12.3): Executed 55 of 64 SUCCESS (0 secs / 2.67 secs)
[1A[2KSafari 10.0.3 (Mac OS X 10.12.3): Executed 56 of 64 SUCCESS (0 secs / 2.671 secs)
[1A[2KSafari 10.0.3 (Mac OS X 10.12.3): Executed 57 of 64 SUCCESS (0 secs / 2.672 secs)
[1A[2KSafari 10.0.3 (Mac OS X 10.12.3): Executed 58 of 64 SUCCESS (0 secs / 2.673 secs)
[1A[2KSafari 10.0.3 (Mac OS X 10.12.3): Executed 59 of 64 SUCCESS (0 secs / 2.675 secs)
[1A[2KSafari 10.0.3 (Mac OS X 10.12.3): Executed 60 of 64 SUCCESS (0 secs / 2.688 secs)
[1A[2KSafari 10.0.3 (Mac OS X 10.12.3): Executed 61 of 64 SUCCESS (0 secs / 2.689 secs)
[1A[2KSafari 10.0.3 (Mac OS X 10.12.3): Executed 62 of 64 SUCCESS (0 secs / 2.691 secs)
[1A[2KSafari 10.0.3 (Mac OS X 10.12.3): Executed 63 of 64 SUCCESS (0 secs / 2.693 secs)
[1A[2KSafari 10.0.3 (Mac OS X 10.12.3): Executed 64 of 64 SUCCESS (0 secs / 2.695 secs)
[1A[2KSafari 10.0.3 (Mac OS X 10.12.3): Executed 64 of 64 SUCCESS (3.038 secs / 2.695 secs)
