[solitaire] Running shell script
+ npm run test-single-run -- --browsers Chrome

> solitaire@0.0.0 test-single-run /private/tmp/jenkins-agent/workspace/solitaire
> karma start karma.conf.js --single-run --browsers Chrome

[33m10 02 2017 17:58:54.483:WARN [karma]: [39mPort 9876 in use
[33m10 02 2017 17:58:54.493:WARN [karma]: [39mPort 9877 in use
[32m10 02 2017 17:58:54.494:INFO [karma]: [39mKarma v0.13.22 server started at http://localhost:9878/
[32m10 02 2017 17:58:54.505:INFO [launcher]: [39mStarting browser Chrome
[32m10 02 2017 17:58:59.208:INFO [Chrome 56.0.2924 (Mac OS X 10.12.3)]: [39mConnected on socket XVzj0EB8RrubC_TXAAAA with id 66785033
Chrome 56.0.2924 (Mac OS X 10.12.3): Executed 0 of 64 SUCCESS (0 secs / 0 secs)
[1A[2KChrome 56.0.2924 (Mac OS X 10.12.3): Executed 1 of 64 SUCCESS (0 secs / 0.005 secs)
[1A[2KChrome 56.0.2924 (Mac OS X 10.12.3): Executed 2 of 64 SUCCESS (0 secs / 0.005 secs)
[1A[2KChrome 56.0.2924 (Mac OS X 10.12.3): Executed 3 of 64 SUCCESS (0 secs / 0.036 secs)
[1A[2KChrome 56.0.2924 (Mac OS X 10.12.3): Executed 4 of 64 SUCCESS (0 secs / 0.041 secs)
[1A[2KChrome 56.0.2924 (Mac OS X 10.12.3): Executed 5 of 64 SUCCESS (0 secs / 0.044 secs)
[1A[2KChrome 56.0.2924 (Mac OS X 10.12.3): Executed 6 of 64 SUCCESS (0 secs / 0.054 secs)
[1A[2KChrome 56.0.2924 (Mac OS X 10.12.3): Executed 7 of 64 SUCCESS (0 secs / 0.094 secs)
[1A[2KChrome 56.0.2924 (Mac OS X 10.12.3): Executed 8 of 64 SUCCESS (0 secs / 0.108 secs)
[1A[2KChrome 56.0.2924 (Mac OS X 10.12.3): Executed 9 of 64 SUCCESS (0 secs / 0.112 secs)
[1A[2KChrome 56.0.2924 (Mac OS X 10.12.3): Executed 10 of 64 SUCCESS (0 secs / 0.119 secs)
[1A[2KChrome 56.0.2924 (Mac OS X 10.12.3): Executed 11 of 64 SUCCESS (0 secs / 0.158 secs)
[1A[2KChrome 56.0.2924 (Mac OS X 10.12.3): Executed 12 of 64 SUCCESS (0 secs / 0.167 secs)
[1A[2KChrome 56.0.2924 (Mac OS X 10.12.3): Executed 13 of 64 SUCCESS (0 secs / 0.17 secs)
[1A[2KChrome 56.0.2924 (Mac OS X 10.12.3): Executed 14 of 64 SUCCESS (0 secs / 0.176 secs)
[1A[2KChrome 56.0.2924 (Mac OS X 10.12.3): Executed 15 of 64 SUCCESS (0 secs / 0.18 secs)
[1A[2KChrome 56.0.2924 (Mac OS X 10.12.3): Executed 16 of 64 SUCCESS (0 secs / 0.187 secs)
[1A[2KChrome 56.0.2924 (Mac OS X 10.12.3): Executed 17 of 64 SUCCESS (0 secs / 0.196 secs)
[1A[2KChrome 56.0.2924 (Mac OS X 10.12.3): Executed 18 of 64 SUCCESS (0 secs / 0.199 secs)
[1A[2KChrome 56.0.2924 (Mac OS X 10.12.3): Executed 19 of 64 SUCCESS (0 secs / 0.203 secs)
[1A[2KChrome 56.0.2924 (Mac OS X 10.12.3): Executed 20 of 64 SUCCESS (0 secs / 0.21 secs)
[1A[2KChrome 56.0.2924 (Mac OS X 10.12.3): Executed 21 of 64 SUCCESS (0 secs / 0.216 secs)
[1A[2KChrome 56.0.2924 (Mac OS X 10.12.3): Executed 22 of 64 SUCCESS (0 secs / 0.216 secs)
[1A[2KChrome 56.0.2924 (Mac OS X 10.12.3): Executed 23 of 64 SUCCESS (0 secs / 0.216 secs)
[1A[2KChrome 56.0.2924 (Mac OS X 10.12.3): Executed 24 of 64 SUCCESS (0 secs / 0.216 secs)
[1A[2KChrome 56.0.2924 (Mac OS X 10.12.3): Executed 25 of 64 SUCCESS (0 secs / 0.216 secs)
[1A[2KChrome 56.0.2924 (Mac OS X 10.12.3): Executed 26 of 64 SUCCESS (0 secs / 0.217 secs)
[1A[2KChrome 56.0.2924 (Mac OS X 10.12.3): Executed 27 of 64 SUCCESS (0 secs / 0.217 secs)
[1A[2KChrome 56.0.2924 (Mac OS X 10.12.3): Executed 28 of 64 SUCCESS (0 secs / 0.217 secs)
[1A[2KChrome 56.0.2924 (Mac OS X 10.12.3): Executed 29 of 64 SUCCESS (0 secs / 0.218 secs)
[1A[2KChrome 56.0.2924 (Mac OS X 10.12.3): Executed 30 of 64 SUCCESS (0 secs / 0.218 secs)
[1A[2KChrome 56.0.2924 (Mac OS X 10.12.3): Executed 31 of 64 SUCCESS (0 secs / 0.219 secs)
[1A[2KChrome 56.0.2924 (Mac OS X 10.12.3): Executed 32 of 64 SUCCESS (0 secs / 0.219 secs)
[1A[2KChrome 56.0.2924 (Mac OS X 10.12.3): Executed 33 of 64 SUCCESS (0 secs / 0.281 secs)
[1A[2KChrome 56.0.2924 (Mac OS X 10.12.3): Executed 34 of 64 SUCCESS (0 secs / 0.282 secs)
[1A[2KChrome 56.0.2924 (Mac OS X 10.12.3): Executed 35 of 64 SUCCESS (0 secs / 0.282 secs)
[1A[2KChrome 56.0.2924 (Mac OS X 10.12.3): Executed 36 of 64 SUCCESS (0 secs / 0.283 secs)
[1A[2KChrome 56.0.2924 (Mac OS X 10.12.3): Executed 37 of 64 SUCCESS (0 secs / 0.285 secs)
[1A[2KChrome 56.0.2924 (Mac OS X 10.12.3): Executed 38 of 64 SUCCESS (0 secs / 0.287 secs)
[1A[2KChrome 56.0.2924 (Mac OS X 10.12.3): Executed 39 of 64 SUCCESS (0 secs / 0.297 secs)
[1A[2KChrome 56.0.2924 (Mac OS X 10.12.3): Executed 40 of 64 SUCCESS (0 secs / 0.299 secs)
[1A[2KChrome 56.0.2924 (Mac OS X 10.12.3): Executed 41 of 64 SUCCESS (0 secs / 0.3 secs)
[1A[2KChrome 56.0.2924 (Mac OS X 10.12.3): Executed 42 of 64 SUCCESS (0 secs / 0.3 secs)
[1A[2KChrome 56.0.2924 (Mac OS X 10.12.3): Executed 43 of 64 SUCCESS (0 secs / 0.3 secs)
[1A[2KChrome 56.0.2924 (Mac OS X 10.12.3): Executed 44 of 64 SUCCESS (0 secs / 0.3 secs)
[1A[2KChrome 56.0.2924 (Mac OS X 10.12.3): Executed 45 of 64 SUCCESS (0 secs / 0.301 secs)
[1A[2KChrome 56.0.2924 (Mac OS X 10.12.3): Executed 46 of 64 SUCCESS (0 secs / 0.305 secs)
[1A[2KChrome 56.0.2924 (Mac OS X 10.12.3): Executed 47 of 64 SUCCESS (0 secs / 0.306 secs)
[1A[2KChrome 56.0.2924 (Mac OS X 10.12.3): Executed 48 of 64 SUCCESS (0 secs / 0.308 secs)
[1A[2KChrome 56.0.2924 (Mac OS X 10.12.3): Executed 49 of 64 SUCCESS (0 secs / 0.31 secs)
[1A[2KChrome 56.0.2924 (Mac OS X 10.12.3): Executed 50 of 64 SUCCESS (0 secs / 0.311 secs)
[1A[2KChrome 56.0.2924 (Mac OS X 10.12.3): Executed 51 of 64 SUCCESS (0 secs / 0.311 secs)
[1A[2KChrome 56.0.2924 (Mac OS X 10.12.3): Executed 52 of 64 SUCCESS (0 secs / 0.312 secs)
[1A[2KChrome 56.0.2924 (Mac OS X 10.12.3): Executed 53 of 64 SUCCESS (0 secs / 0.315 secs)
[1A[2KChrome 56.0.2924 (Mac OS X 10.12.3): Executed 54 of 64 SUCCESS (0 secs / 0.318 secs)
[1A[2KChrome 56.0.2924 (Mac OS X 10.12.3): Executed 55 of 64 SUCCESS (0 secs / 0.321 secs)
[1A[2KChrome 56.0.2924 (Mac OS X 10.12.3): Executed 56 of 64 SUCCESS (0 secs / 0.326 secs)
[1A[2KChrome 56.0.2924 (Mac OS X 10.12.3): Executed 57 of 64 SUCCESS (0 secs / 0.332 secs)
[1A[2KChrome 56.0.2924 (Mac OS X 10.12.3): Executed 58 of 64 SUCCESS (0 secs / 0.334 secs)
[1A[2KChrome 56.0.2924 (Mac OS X 10.12.3): Executed 59 of 64 SUCCESS (0 secs / 0.338 secs)
[1A[2KChrome 56.0.2924 (Mac OS X 10.12.3): Executed 60 of 64 SUCCESS (0 secs / 0.342 secs)
[1A[2KChrome 56.0.2924 (Mac OS X 10.12.3): Executed 61 of 64 SUCCESS (0 secs / 0.344 secs)
[1A[2KChrome 56.0.2924 (Mac OS X 10.12.3): Executed 62 of 64 SUCCESS (0 secs / 0.347 secs)
[1A[2KChrome 56.0.2924 (Mac OS X 10.12.3): Executed 63 of 64 SUCCESS (0 secs / 0.353 secs)
[1A[2KChrome 56.0.2924 (Mac OS X 10.12.3): Executed 64 of 64 SUCCESS (0 secs / 0.357 secs)
[1A[2KChrome 56.0.2924 (Mac OS X 10.12.3): Executed 64 of 64 SUCCESS (0.503 secs / 0.357 secs)
