[solitaire] Running shell script
+ npm run test-single-run -- --browsers PhantomJS

> solitaire@0.0.0 test-single-run /Users/padmakar/.jenkins/workspace/solitaire
> karma start karma.conf.js --single-run --browsers PhantomJS

[32m10 02 2017 15:44:52.954:INFO [karma]: [39mKarma v0.13.22 server started at http://localhost:9876/
[32m10 02 2017 15:44:52.960:INFO [launcher]: [39mStarting browser PhantomJS
[32m10 02 2017 15:44:54.330:INFO [PhantomJS 2.1.1 (Mac OS X 0.0.0)]: [39mConnected on socket yopnBRf4bKIUVxAeAAAA with id 46570553
PhantomJS 2.1.1 (Mac OS X 0.0.0): Executed 0 of 64 SUCCESS (0 secs / 0 secs)
[1A[2KPhantomJS 2.1.1 (Mac OS X 0.0.0): Executed 1 of 64 SUCCESS (0 secs / 0.002 secs)
[1A[2KPhantomJS 2.1.1 (Mac OS X 0.0.0): Executed 2 of 64 SUCCESS (0 secs / 0.002 secs)
[1A[2KPhantomJS 2.1.1 (Mac OS X 0.0.0): Executed 3 of 64 SUCCESS (0 secs / 0.009 secs)
[1A[2KPhantomJS 2.1.1 (Mac OS X 0.0.0): Executed 4 of 64 SUCCESS (0 secs / 0.012 secs)
[1A[2KPhantomJS 2.1.1 (Mac OS X 0.0.0): Executed 5 of 64 SUCCESS (0 secs / 0.013 secs)
[1A[2KPhantomJS 2.1.1 (Mac OS X 0.0.0): Executed 6 of 64 SUCCESS (0 secs / 0.017 secs)
[1A[2KPhantomJS 2.1.1 (Mac OS X 0.0.0): Executed 7 of 64 SUCCESS (0 secs / 0.024 secs)
[1A[2KPhantomJS 2.1.1 (Mac OS X 0.0.0): Executed 8 of 64 SUCCESS (0 secs / 0.026 secs)
[1A[2KPhantomJS 2.1.1 (Mac OS X 0.0.0): Executed 9 of 64 SUCCESS (0 secs / 0.027 secs)
[1A[2KPhantomJS 2.1.1 (Mac OS X 0.0.0): Executed 10 of 64 SUCCESS (0 secs / 0.028 secs)
[1A[2KPhantomJS 2.1.1 (Mac OS X 0.0.0): Executed 11 of 64 SUCCESS (0 secs / 0.03 secs)
[1A[2KPhantomJS 2.1.1 (Mac OS X 0.0.0): Executed 12 of 64 SUCCESS (0 secs / 0.032 secs)
[1A[2KPhantomJS 2.1.1 (Mac OS X 0.0.0): Executed 13 of 64 SUCCESS (0 secs / 0.034 secs)
[1A[2KPhantomJS 2.1.1 (Mac OS X 0.0.0): Executed 14 of 64 SUCCESS (0 secs / 0.035 secs)
[1A[2KPhantomJS 2.1.1 (Mac OS X 0.0.0): Executed 15 of 64 SUCCESS (0 secs / 0.036 secs)
[1A[2KPhantomJS 2.1.1 (Mac OS X 0.0.0): Executed 16 of 64 SUCCESS (0 secs / 0.037 secs)
[1A[2KPhantomJS 2.1.1 (Mac OS X 0.0.0): Executed 17 of 64 SUCCESS (0 secs / 0.039 secs)
[1A[2KPhantomJS 2.1.1 (Mac OS X 0.0.0): Executed 18 of 64 SUCCESS (0 secs / 0.041 secs)
[1A[2KPhantomJS 2.1.1 (Mac OS X 0.0.0): Executed 19 of 64 SUCCESS (0 secs / 0.043 secs)
[1A[2KPhantomJS 2.1.1 (Mac OS X 0.0.0): Executed 20 of 64 SUCCESS (0 secs / 0.045 secs)
[1A[2KPhantomJS 2.1.1 (Mac OS X 0.0.0): Executed 21 of 64 SUCCESS (0 secs / 0.046 secs)
[1A[2KPhantomJS 2.1.1 (Mac OS X 0.0.0): Executed 22 of 64 SUCCESS (0 secs / 0.047 secs)
[1A[2KPhantomJS 2.1.1 (Mac OS X 0.0.0): Executed 23 of 64 SUCCESS (0 secs / 0.047 secs)
[1A[2KPhantomJS 2.1.1 (Mac OS X 0.0.0): Executed 24 of 64 SUCCESS (0 secs / 0.047 secs)
[1A[2KPhantomJS 2.1.1 (Mac OS X 0.0.0): Executed 25 of 64 SUCCESS (0 secs / 0.047 secs)
[1A[2KPhantomJS 2.1.1 (Mac OS X 0.0.0): Executed 26 of 64 SUCCESS (0 secs / 0.047 secs)
[1A[2KPhantomJS 2.1.1 (Mac OS X 0.0.0): Executed 27 of 64 SUCCESS (0 secs / 0.047 secs)
[1A[2KPhantomJS 2.1.1 (Mac OS X 0.0.0): Executed 28 of 64 SUCCESS (0 secs / 0.047 secs)
[1A[2KPhantomJS 2.1.1 (Mac OS X 0.0.0): Executed 29 of 64 SUCCESS (0 secs / 0.047 secs)
[1A[2KPhantomJS 2.1.1 (Mac OS X 0.0.0): Executed 30 of 64 SUCCESS (0 secs / 0.047 secs)
[1A[2KPhantomJS 2.1.1 (Mac OS X 0.0.0): Executed 31 of 64 SUCCESS (0 secs / 0.048 secs)
[1A[2KPhantomJS 2.1.1 (Mac OS X 0.0.0): Executed 32 of 64 SUCCESS (0 secs / 0.048 secs)
[1A[2KPhantomJS 2.1.1 (Mac OS X 0.0.0): Executed 33 of 64 SUCCESS (0 secs / 0.05 secs)
[1A[2KPhantomJS 2.1.1 (Mac OS X 0.0.0): Executed 34 of 64 SUCCESS (0 secs / 0.05 secs)
[1A[2KPhantomJS 2.1.1 (Mac OS X 0.0.0): Executed 35 of 64 SUCCESS (0 secs / 0.05 secs)
[1A[2KPhantomJS 2.1.1 (Mac OS X 0.0.0): Executed 36 of 64 SUCCESS (0 secs / 0.051 secs)
[1A[2KPhantomJS 2.1.1 (Mac OS X 0.0.0): Executed 37 of 64 SUCCESS (0 secs / 0.053 secs)
[1A[2KPhantomJS 2.1.1 (Mac OS X 0.0.0): Executed 38 of 64 SUCCESS (0 secs / 0.053 secs)
[1A[2KPhantomJS 2.1.1 (Mac OS X 0.0.0): Executed 39 of 64 SUCCESS (0 secs / 0.053 secs)
[1A[2KPhantomJS 2.1.1 (Mac OS X 0.0.0): Executed 40 of 64 SUCCESS (0 secs / 0.054 secs)
[1A[2KPhantomJS 2.1.1 (Mac OS X 0.0.0): Executed 41 of 64 SUCCESS (0 secs / 0.055 secs)
[1A[2KPhantomJS 2.1.1 (Mac OS X 0.0.0): Executed 42 of 64 SUCCESS (0 secs / 0.055 secs)
[1A[2KPhantomJS 2.1.1 (Mac OS X 0.0.0): Executed 43 of 64 SUCCESS (0 secs / 0.055 secs)
[1A[2KPhantomJS 2.1.1 (Mac OS X 0.0.0): Executed 44 of 64 SUCCESS (0 secs / 0.056 secs)
[1A[2KPhantomJS 2.1.1 (Mac OS X 0.0.0): Executed 45 of 64 SUCCESS (0 secs / 0.056 secs)
[1A[2KPhantomJS 2.1.1 (Mac OS X 0.0.0): Executed 46 of 64 SUCCESS (0 secs / 0.056 secs)
[1A[2KPhantomJS 2.1.1 (Mac OS X 0.0.0): Executed 47 of 64 SUCCESS (0 secs / 0.056 secs)
[1A[2KPhantomJS 2.1.1 (Mac OS X 0.0.0): Executed 48 of 64 SUCCESS (0 secs / 0.057 secs)
[1A[2KPhantomJS 2.1.1 (Mac OS X 0.0.0): Executed 49 of 64 SUCCESS (0 secs / 0.059 secs)
[1A[2KPhantomJS 2.1.1 (Mac OS X 0.0.0): Executed 50 of 64 SUCCESS (0 secs / 0.06 secs)
[1A[2KPhantomJS 2.1.1 (Mac OS X 0.0.0): Executed 51 of 64 SUCCESS (0 secs / 0.06 secs)
[1A[2KPhantomJS 2.1.1 (Mac OS X 0.0.0): Executed 52 of 64 SUCCESS (0 secs / 0.061 secs)
[1A[2KPhantomJS 2.1.1 (Mac OS X 0.0.0): Executed 53 of 64 SUCCESS (0 secs / 0.062 secs)
[1A[2KPhantomJS 2.1.1 (Mac OS X 0.0.0): Executed 54 of 64 SUCCESS (0 secs / 0.063 secs)
[1A[2KPhantomJS 2.1.1 (Mac OS X 0.0.0): Executed 55 of 64 SUCCESS (0 secs / 0.064 secs)
[1A[2KPhantomJS 2.1.1 (Mac OS X 0.0.0): Executed 56 of 64 SUCCESS (0 secs / 0.065 secs)
[1A[2KPhantomJS 2.1.1 (Mac OS X 0.0.0): Executed 57 of 64 SUCCESS (0 secs / 0.066 secs)
[1A[2KPhantomJS 2.1.1 (Mac OS X 0.0.0): Executed 58 of 64 SUCCESS (0 secs / 0.066 secs)
[1A[2KPhantomJS 2.1.1 (Mac OS X 0.0.0): Executed 59 of 64 SUCCESS (0 secs / 0.067 secs)
[1A[2KPhantomJS 2.1.1 (Mac OS X 0.0.0): Executed 60 of 64 SUCCESS (0 secs / 0.068 secs)
[1A[2KPhantomJS 2.1.1 (Mac OS X 0.0.0): Executed 61 of 64 SUCCESS (0 secs / 0.069 secs)
[1A[2KPhantomJS 2.1.1 (Mac OS X 0.0.0): Executed 62 of 64 SUCCESS (0 secs / 0.07 secs)
[1A[2KPhantomJS 2.1.1 (Mac OS X 0.0.0): Executed 63 of 64 SUCCESS (0 secs / 0.07 secs)
[1A[2KPhantomJS 2.1.1 (Mac OS X 0.0.0): Executed 64 of 64 SUCCESS (0 secs / 0.071 secs)
[1A[2KPhantomJS 2.1.1 (Mac OS X 0.0.0): Executed 64 of 64 SUCCESS (0.044 secs / 0.071 secs)
