[solitaire-2@2] Running shell script
+ npm run test-single-run -- --browsers Firefox

> solitaire@0.0.0 test-single-run /Users/padmakar/.jenkins/workspace/solitaire-2@2
> karma start karma.conf.js --single-run --browsers Firefox

[32m10 02 2017 18:36:44.901:INFO [karma]: [39mKarma v0.13.22 server started at http://localhost:9876/
[32m10 02 2017 18:36:44.912:INFO [launcher]: [39mStarting browser Firefox
[32m10 02 2017 18:36:47.836:INFO [Firefox 37.0.0 (Mac OS X 10.12.0)]: [39mConnected on socket -HQpuacUWlIfXuKbAAAA with id 65227853
Firefox 37.0.0 (Mac OS X 10.12.0): Executed 0 of 64 SUCCESS (0 secs / 0 secs)
[1A[2KFirefox 37.0.0 (Mac OS X 10.12.0): Executed 1 of 64 SUCCESS (0 secs / 0.01 secs)
[1A[2KFirefox 37.0.0 (Mac OS X 10.12.0): Executed 2 of 64 SUCCESS (0 secs / 0.01 secs)
[1A[2KFirefox 37.0.0 (Mac OS X 10.12.0): Executed 3 of 64 SUCCESS (0 secs / 0.021 secs)
[1A[2KFirefox 37.0.0 (Mac OS X 10.12.0): Executed 4 of 64 SUCCESS (0 secs / 0.027 secs)
[1A[2KFirefox 37.0.0 (Mac OS X 10.12.0): Executed 5 of 64 SUCCESS (0 secs / 0.032 secs)
[1A[2KFirefox 37.0.0 (Mac OS X 10.12.0): Executed 6 of 64 SUCCESS (0 secs / 0.036 secs)
[1A[2KFirefox 37.0.0 (Mac OS X 10.12.0): Executed 7 of 64 SUCCESS (0 secs / 0.067 secs)
[1A[2KFirefox 37.0.0 (Mac OS X 10.12.0): Executed 8 of 64 SUCCESS (0 secs / 0.087 secs)
[1A[2KFirefox 37.0.0 (Mac OS X 10.12.0): Executed 9 of 64 SUCCESS (0 secs / 0.091 secs)
[1A[2KFirefox 37.0.0 (Mac OS X 10.12.0): Executed 10 of 64 SUCCESS (0 secs / 0.095 secs)
[1A[2KFirefox 37.0.0 (Mac OS X 10.12.0): Executed 11 of 64 SUCCESS (0 secs / 0.1 secs)
[1A[2KFirefox 37.0.0 (Mac OS X 10.12.0): Executed 12 of 64 SUCCESS (0 secs / 0.104 secs)
[1A[2KFirefox 37.0.0 (Mac OS X 10.12.0): Executed 13 of 64 SUCCESS (0 secs / 0.11 secs)
[1A[2KFirefox 37.0.0 (Mac OS X 10.12.0): Executed 14 of 64 SUCCESS (0 secs / 0.163 secs)
[1A[2KFirefox 37.0.0 (Mac OS X 10.12.0): Executed 15 of 64 SUCCESS (0 secs / 0.182 secs)
[1A[2KFirefox 37.0.0 (Mac OS X 10.12.0): Executed 16 of 64 SUCCESS (0 secs / 0.185 secs)
[1A[2KFirefox 37.0.0 (Mac OS X 10.12.0): Executed 17 of 64 SUCCESS (0 secs / 0.21 secs)
[1A[2KFirefox 37.0.0 (Mac OS X 10.12.0): Executed 18 of 64 SUCCESS (0 secs / 0.212 secs)
[1A[2KFirefox 37.0.0 (Mac OS X 10.12.0): Executed 19 of 64 SUCCESS (0 secs / 0.214 secs)
[1A[2KFirefox 37.0.0 (Mac OS X 10.12.0): Executed 20 of 64 SUCCESS (0 secs / 0.216 secs)
[1A[2KFirefox 37.0.0 (Mac OS X 10.12.0): Executed 21 of 64 SUCCESS (0 secs / 0.218 secs)
[1A[2KFirefox 37.0.0 (Mac OS X 10.12.0): Executed 22 of 64 SUCCESS (0 secs / 0.219 secs)
[1A[2KFirefox 37.0.0 (Mac OS X 10.12.0): Executed 23 of 64 SUCCESS (0 secs / 0.219 secs)
[1A[2KFirefox 37.0.0 (Mac OS X 10.12.0): Executed 24 of 64 SUCCESS (0 secs / 0.219 secs)
[1A[2KFirefox 37.0.0 (Mac OS X 10.12.0): Executed 25 of 64 SUCCESS (0 secs / 0.22 secs)
[1A[2KFirefox 37.0.0 (Mac OS X 10.12.0): Executed 26 of 64 SUCCESS (0 secs / 0.22 secs)
[1A[2KFirefox 37.0.0 (Mac OS X 10.12.0): Executed 27 of 64 SUCCESS (0 secs / 0.22 secs)
[1A[2KFirefox 37.0.0 (Mac OS X 10.12.0): Executed 28 of 64 SUCCESS (0 secs / 0.22 secs)
[1A[2KFirefox 37.0.0 (Mac OS X 10.12.0): Executed 29 of 64 SUCCESS (0 secs / 0.22 secs)
[1A[2KFirefox 37.0.0 (Mac OS X 10.12.0): Executed 30 of 64 SUCCESS (0 secs / 0.221 secs)
[1A[2KFirefox 37.0.0 (Mac OS X 10.12.0): Executed 31 of 64 SUCCESS (0 secs / 0.222 secs)
[1A[2KFirefox 37.0.0 (Mac OS X 10.12.0): Executed 32 of 64 SUCCESS (0 secs / 0.223 secs)
[1A[2KFirefox 37.0.0 (Mac OS X 10.12.0): Executed 33 of 64 SUCCESS (0 secs / 0.286 secs)
[1A[2KFirefox 37.0.0 (Mac OS X 10.12.0): Executed 34 of 64 SUCCESS (0 secs / 0.286 secs)
[1A[2KFirefox 37.0.0 (Mac OS X 10.12.0): Executed 35 of 64 SUCCESS (0 secs / 0.287 secs)
[1A[2KFirefox 37.0.0 (Mac OS X 10.12.0): Executed 36 of 64 SUCCESS (0 secs / 0.288 secs)
[1A[2KFirefox 37.0.0 (Mac OS X 10.12.0): Executed 37 of 64 SUCCESS (0 secs / 0.29 secs)
[1A[2KFirefox 37.0.0 (Mac OS X 10.12.0): Executed 38 of 64 SUCCESS (0 secs / 0.293 secs)
[1A[2KFirefox 37.0.0 (Mac OS X 10.12.0): Executed 39 of 64 SUCCESS (0 secs / 0.294 secs)
[1A[2KFirefox 37.0.0 (Mac OS X 10.12.0): Executed 40 of 64 SUCCESS (0 secs / 0.296 secs)
[1A[2KFirefox 37.0.0 (Mac OS X 10.12.0): Executed 41 of 64 SUCCESS (0 secs / 0.296 secs)
[1A[2KFirefox 37.0.0 (Mac OS X 10.12.0): Executed 42 of 64 SUCCESS (0 secs / 0.297 secs)
[1A[2KFirefox 37.0.0 (Mac OS X 10.12.0): Executed 43 of 64 SUCCESS (0 secs / 0.297 secs)
[1A[2KFirefox 37.0.0 (Mac OS X 10.12.0): Executed 44 of 64 SUCCESS (0 secs / 0.298 secs)
[1A[2KFirefox 37.0.0 (Mac OS X 10.12.0): Executed 45 of 64 SUCCESS (0 secs / 0.298 secs)
[1A[2KFirefox 37.0.0 (Mac OS X 10.12.0): Executed 46 of 64 SUCCESS (0 secs / 0.299 secs)
[1A[2KFirefox 37.0.0 (Mac OS X 10.12.0): Executed 47 of 64 SUCCESS (0 secs / 0.299 secs)
[1A[2KFirefox 37.0.0 (Mac OS X 10.12.0): Executed 48 of 64 SUCCESS (0 secs / 0.305 secs)
[1A[2KFirefox 37.0.0 (Mac OS X 10.12.0): Executed 49 of 64 SUCCESS (0 secs / 0.309 secs)
[1A[2KFirefox 37.0.0 (Mac OS X 10.12.0): Executed 50 of 64 SUCCESS (0 secs / 0.31 secs)
[1A[2KFirefox 37.0.0 (Mac OS X 10.12.0): Executed 51 of 64 SUCCESS (0 secs / 0.311 secs)
[1A[2KFirefox 37.0.0 (Mac OS X 10.12.0): Executed 52 of 64 SUCCESS (0 secs / 0.312 secs)
[1A[2KFirefox 37.0.0 (Mac OS X 10.12.0): Executed 53 of 64 SUCCESS (0 secs / 0.316 secs)
[1A[2KFirefox 37.0.0 (Mac OS X 10.12.0): Executed 54 of 64 SUCCESS (0 secs / 0.319 secs)
[1A[2KFirefox 37.0.0 (Mac OS X 10.12.0): Executed 55 of 64 SUCCESS (0 secs / 0.321 secs)
[1A[2KFirefox 37.0.0 (Mac OS X 10.12.0): Executed 56 of 64 SUCCESS (0 secs / 0.324 secs)
[1A[2KFirefox 37.0.0 (Mac OS X 10.12.0): Executed 57 of 64 SUCCESS (0 secs / 0.326 secs)
[1A[2KFirefox 37.0.0 (Mac OS X 10.12.0): Executed 58 of 64 SUCCESS (0 secs / 0.33 secs)
[1A[2KFirefox 37.0.0 (Mac OS X 10.12.0): Executed 59 of 64 SUCCESS (0 secs / 0.332 secs)
[1A[2KFirefox 37.0.0 (Mac OS X 10.12.0): Executed 60 of 64 SUCCESS (0 secs / 0.334 secs)
[1A[2KFirefox 37.0.0 (Mac OS X 10.12.0): Executed 61 of 64 SUCCESS (0 secs / 0.336 secs)
[1A[2KFirefox 37.0.0 (Mac OS X 10.12.0): Executed 62 of 64 SUCCESS (0 secs / 0.338 secs)
[1A[2KFirefox 37.0.0 (Mac OS X 10.12.0): Executed 63 of 64 SUCCESS (0 secs / 0.34 secs)
[1A[2KFirefox 37.0.0 (Mac OS X 10.12.0): Executed 64 of 64 SUCCESS (0 secs / 0.345 secs)
[1A[2KFirefox 37.0.0 (Mac OS X 10.12.0): Executed 64 of 64 SUCCESS (0.394 secs / 0.345 secs)
