[solitaire-2] Running shell script
+ npm run test-single-run -- --browsers Safari

> solitaire@0.0.0 test-single-run /private/tmp/jenkins-agent/workspace/solitaire-2
> karma start karma.conf.js --single-run --browsers Safari

[33m10 02 2017 18:36:50.229:WARN [karma]: [39mPort 9876 in use
[32m10 02 2017 18:36:50.296:INFO [karma]: [39mKarma v0.13.22 server started at http://localhost:9877/
[32m10 02 2017 18:36:50.308:INFO [launcher]: [39mStarting browser Safari
[32m10 02 2017 18:36:53.246:INFO [Safari 10.0.3 (Mac OS X 10.12.3)]: [39mConnected on socket ZzTIvyAFdUjWm_ruAAAA with id 24358731
Safari 10.0.3 (Mac OS X 10.12.3): Executed 0 of 64 SUCCESS (0 secs / 0 secs)
[1A[2KSafari 10.0.3 (Mac OS X 10.12.3): Executed 1 of 64 SUCCESS (0 secs / 0.003 secs)
[1A[2KSafari 10.0.3 (Mac OS X 10.12.3): Executed 2 of 64 SUCCESS (0 secs / 0.003 secs)
[1A[2KSafari 10.0.3 (Mac OS X 10.12.3): Executed 3 of 64 SUCCESS (0 secs / 0.012 secs)
[1A[2KSafari 10.0.3 (Mac OS X 10.12.3): Executed 4 of 64 SUCCESS (0 secs / 0.016 secs)
[1A[2KSafari 10.0.3 (Mac OS X 10.12.3): Executed 5 of 64 SUCCESS (0 secs / 0.018 secs)
[1A[2KSafari 10.0.3 (Mac OS X 10.12.3): Executed 6 of 64 SUCCESS (0 secs / 0.042 secs)
[1A[2KSafari 10.0.3 (Mac OS X 10.12.3): Executed 7 of 64 SUCCESS (0 secs / 0.081 secs)
[1A[2KSafari 10.0.3 (Mac OS X 10.12.3): Executed 8 of 64 SUCCESS (0 secs / 0.084 secs)
[1A[2KSafari 10.0.3 (Mac OS X 10.12.3): Executed 9 of 64 SUCCESS (0 secs / 0.086 secs)
[1A[2KSafari 10.0.3 (Mac OS X 10.12.3): Executed 10 of 64 SUCCESS (0 secs / 0.088 secs)
[1A[2KSafari 10.0.3 (Mac OS X 10.12.3): Executed 11 of 64 SUCCESS (0 secs / 0.091 secs)
[1A[2KSafari 10.0.3 (Mac OS X 10.12.3): Executed 12 of 64 SUCCESS (0 secs / 0.094 secs)
[1A[2KSafari 10.0.3 (Mac OS X 10.12.3): Executed 13 of 64 SUCCESS (0 secs / 0.097 secs)
[1A[2KSafari 10.0.3 (Mac OS X 10.12.3): Executed 14 of 64 SUCCESS (0 secs / 0.099 secs)
[1A[2KSafari 10.0.3 (Mac OS X 10.12.3): Executed 15 of 64 SUCCESS (0 secs / 0.101 secs)
[1A[2KSafari 10.0.3 (Mac OS X 10.12.3): Executed 16 of 64 SUCCESS (0 secs / 0.128 secs)
[1A[2KSafari 10.0.3 (Mac OS X 10.12.3): Executed 17 of 64 SUCCESS (0 secs / 0.274 secs)
[1A[2KSafari 10.0.3 (Mac OS X 10.12.3): Executed 18 of 64 SUCCESS (0 secs / 0.279 secs)
[1A[2KSafari 10.0.3 (Mac OS X 10.12.3): Executed 19 of 64 SUCCESS (0 secs / 0.298 secs)
[1A[2KSafari 10.0.3 (Mac OS X 10.12.3): Executed 20 of 64 SUCCESS (0 secs / 0.302 secs)
[1A[2KSafari 10.0.3 (Mac OS X 10.12.3): Executed 21 of 64 SUCCESS (0 secs / 0.314 secs)
[1A[2KSafari 10.0.3 (Mac OS X 10.12.3): Executed 22 of 64 SUCCESS (0 secs / 0.314 secs)
[1A[2KSafari 10.0.3 (Mac OS X 10.12.3): Executed 23 of 64 SUCCESS (0 secs / 0.314 secs)
[1A[2KSafari 10.0.3 (Mac OS X 10.12.3): Executed 24 of 64 SUCCESS (0 secs / 0.316 secs)
[1A[2KSafari 10.0.3 (Mac OS X 10.12.3): Executed 25 of 64 SUCCESS (0 secs / 0.316 secs)
[1A[2KSafari 10.0.3 (Mac OS X 10.12.3): Executed 26 of 64 SUCCESS (0 secs / 0.316 secs)
[1A[2KSafari 10.0.3 (Mac OS X 10.12.3): Executed 27 of 64 SUCCESS (0 secs / 0.316 secs)
[1A[2KSafari 10.0.3 (Mac OS X 10.12.3): Executed 28 of 64 SUCCESS (0 secs / 0.317 secs)
[1A[2KSafari 10.0.3 (Mac OS X 10.12.3): Executed 29 of 64 SUCCESS (0 secs / 0.317 secs)
[1A[2KSafari 10.0.3 (Mac OS X 10.12.3): Executed 30 of 64 SUCCESS (0 secs / 0.317 secs)
[1A[2KSafari 10.0.3 (Mac OS X 10.12.3): Executed 31 of 64 SUCCESS (0 secs / 0.317 secs)
[1A[2KSafari 10.0.3 (Mac OS X 10.12.3): Executed 32 of 64 SUCCESS (0 secs / 0.318 secs)
[1A[2KSafari 10.0.3 (Mac OS X 10.12.3): Executed 33 of 64 SUCCESS (0 secs / 1.28 secs)
[1A[2KSafari 10.0.3 (Mac OS X 10.12.3): Executed 34 of 64 SUCCESS (0 secs / 1.281 secs)
[1A[2KSafari 10.0.3 (Mac OS X 10.12.3): Executed 35 of 64 SUCCESS (0 secs / 1.282 secs)
[1A[2KSafari 10.0.3 (Mac OS X 10.12.3): Executed 36 of 64 SUCCESS (0 secs / 1.283 secs)
[1A[2KSafari 10.0.3 (Mac OS X 10.12.3): Executed 37 of 64 SUCCESS (0 secs / 1.285 secs)
[1A[2KSafari 10.0.3 (Mac OS X 10.12.3): Executed 38 of 64 SUCCESS (0 secs / 1.286 secs)
[1A[2KSafari 10.0.3 (Mac OS X 10.12.3): Executed 39 of 64 SUCCESS (0 secs / 1.287 secs)
[1A[2KSafari 10.0.3 (Mac OS X 10.12.3): Executed 40 of 64 SUCCESS (0 secs / 1.298 secs)
[1A[2KSafari 10.0.3 (Mac OS X 10.12.3): Executed 41 of 64 SUCCESS (0 secs / 1.299 secs)
[1A[2KSafari 10.0.3 (Mac OS X 10.12.3): Executed 42 of 64 SUCCESS (0 secs / 1.299 secs)
[1A[2KSafari 10.0.3 (Mac OS X 10.12.3): Executed 43 of 64 SUCCESS (0 secs / 1.299 secs)
[1A[2KSafari 10.0.3 (Mac OS X 10.12.3): Executed 44 of 64 SUCCESS (0 secs / 1.299 secs)
[1A[2KSafari 10.0.3 (Mac OS X 10.12.3): Executed 45 of 64 SUCCESS (0 secs / 1.299 secs)
[1A[2KSafari 10.0.3 (Mac OS X 10.12.3): Executed 46 of 64 SUCCESS (0 secs / 1.301 secs)
[1A[2KSafari 10.0.3 (Mac OS X 10.12.3): Executed 47 of 64 SUCCESS (0 secs / 1.301 secs)
[1A[2KSafari 10.0.3 (Mac OS X 10.12.3): Executed 48 of 64 SUCCESS (0 secs / 2.255 secs)
[1A[2KSafari 10.0.3 (Mac OS X 10.12.3): Executed 49 of 64 SUCCESS (0 secs / 2.264 secs)
[1A[2KSafari 10.0.3 (Mac OS X 10.12.3): Executed 50 of 64 SUCCESS (0 secs / 2.264 secs)
[1A[2KSafari 10.0.3 (Mac OS X 10.12.3): Executed 51 of 64 SUCCESS (0 secs / 2.265 secs)
[1A[2KSafari 10.0.3 (Mac OS X 10.12.3): Executed 52 of 64 SUCCESS (0 secs / 2.265 secs)
[1A[2KSafari 10.0.3 (Mac OS X 10.12.3): Executed 53 of 64 SUCCESS (0 secs / 2.267 secs)
[1A[2KSafari 10.0.3 (Mac OS X 10.12.3): Executed 54 of 64 SUCCESS (0 secs / 2.269 secs)
[1A[2KSafari 10.0.3 (Mac OS X 10.12.3): Executed 55 of 64 SUCCESS (0 secs / 2.271 secs)
[1A[2KSafari 10.0.3 (Mac OS X 10.12.3): Executed 56 of 64 SUCCESS (0 secs / 2.272 secs)
[1A[2KSafari 10.0.3 (Mac OS X 10.12.3): Executed 57 of 64 SUCCESS (0 secs / 2.274 secs)
[1A[2KSafari 10.0.3 (Mac OS X 10.12.3): Executed 58 of 64 SUCCESS (0 secs / 2.275 secs)
[1A[2KSafari 10.0.3 (Mac OS X 10.12.3): Executed 59 of 64 SUCCESS (0 secs / 2.277 secs)
[1A[2KSafari 10.0.3 (Mac OS X 10.12.3): Executed 60 of 64 SUCCESS (0 secs / 2.278 secs)
[1A[2KSafari 10.0.3 (Mac OS X 10.12.3): Executed 61 of 64 SUCCESS (0 secs / 2.28 secs)
[1A[2KSafari 10.0.3 (Mac OS X 10.12.3): Executed 62 of 64 SUCCESS (0 secs / 2.29 secs)
[1A[2KSafari 10.0.3 (Mac OS X 10.12.3): Executed 63 of 64 SUCCESS (0 secs / 2.292 secs)
[1A[2KSafari 10.0.3 (Mac OS X 10.12.3): Executed 64 of 64 SUCCESS (0 secs / 2.293 secs)
[1A[2KSafari 10.0.3 (Mac OS X 10.12.3): Executed 64 of 64 SUCCESS (3.009 secs / 2.293 secs)
