[solitaire] Running shell script
+ npm run test-single-run -- --browsers Chrome

> solitaire@0.0.0 test-single-run /private/tmp/jenkins-agent/workspace/solitaire
> karma start karma.conf.js --single-run --browsers Chrome

[33m10 02 2017 17:35:09.242:WARN [karma]: [39mPort 9876 in use
[32m10 02 2017 17:35:09.246:INFO [karma]: [39mKarma v0.13.22 server started at http://localhost:9877/
[32m10 02 2017 17:35:09.286:INFO [launcher]: [39mStarting browser Chrome
[32m10 02 2017 17:35:11.209:INFO [Chrome 56.0.2924 (Mac OS X 10.12.3)]: [39mConnected on socket Nb_jSIX-lqdiAEAPAAAA with id 61319675
Chrome 56.0.2924 (Mac OS X 10.12.3): Executed 0 of 64 SUCCESS (0 secs / 0 secs)
[1A[2KChrome 56.0.2924 (Mac OS X 10.12.3): Executed 1 of 64 SUCCESS (0 secs / 0.01 secs)
[1A[2KChrome 56.0.2924 (Mac OS X 10.12.3): Executed 2 of 64 SUCCESS (0 secs / 0.01 secs)
[1A[2KChrome 56.0.2924 (Mac OS X 10.12.3): Executed 3 of 64 SUCCESS (0 secs / 0.036 secs)
[1A[2KChrome 56.0.2924 (Mac OS X 10.12.3): Executed 4 of 64 SUCCESS (0 secs / 0.041 secs)
[1A[2KChrome 56.0.2924 (Mac OS X 10.12.3): Executed 5 of 64 SUCCESS (0 secs / 0.043 secs)
[1A[2KChrome 56.0.2924 (Mac OS X 10.12.3): Executed 6 of 64 SUCCESS (0 secs / 0.046 secs)
[1A[2KChrome 56.0.2924 (Mac OS X 10.12.3): Executed 7 of 64 SUCCESS (0 secs / 0.079 secs)
[1A[2KChrome 56.0.2924 (Mac OS X 10.12.3): Executed 8 of 64 SUCCESS (0 secs / 0.092 secs)
[1A[2KChrome 56.0.2924 (Mac OS X 10.12.3): Executed 9 of 64 SUCCESS (0 secs / 0.094 secs)
[1A[2KChrome 56.0.2924 (Mac OS X 10.12.3): Executed 10 of 64 SUCCESS (0 secs / 0.097 secs)
[1A[2KChrome 56.0.2924 (Mac OS X 10.12.3): Executed 11 of 64 SUCCESS (0 secs / 0.102 secs)
[1A[2KChrome 56.0.2924 (Mac OS X 10.12.3): Executed 12 of 64 SUCCESS (0 secs / 0.109 secs)
[1A[2KChrome 56.0.2924 (Mac OS X 10.12.3): Executed 13 of 64 SUCCESS (0 secs / 0.114 secs)
[1A[2KChrome 56.0.2924 (Mac OS X 10.12.3): Executed 14 of 64 SUCCESS (0 secs / 0.116 secs)
[1A[2KChrome 56.0.2924 (Mac OS X 10.12.3): Executed 15 of 64 SUCCESS (0 secs / 0.118 secs)
[1A[2KChrome 56.0.2924 (Mac OS X 10.12.3): Executed 16 of 64 SUCCESS (0 secs / 0.124 secs)
[1A[2KChrome 56.0.2924 (Mac OS X 10.12.3): Executed 17 of 64 SUCCESS (0 secs / 0.128 secs)
[1A[2KChrome 56.0.2924 (Mac OS X 10.12.3): Executed 18 of 64 SUCCESS (0 secs / 0.13 secs)
[1A[2KChrome 56.0.2924 (Mac OS X 10.12.3): Executed 19 of 64 SUCCESS (0 secs / 0.132 secs)
[1A[2KChrome 56.0.2924 (Mac OS X 10.12.3): Executed 20 of 64 SUCCESS (0 secs / 0.138 secs)
[1A[2KChrome 56.0.2924 (Mac OS X 10.12.3): Executed 21 of 64 SUCCESS (0 secs / 0.142 secs)
[1A[2KChrome 56.0.2924 (Mac OS X 10.12.3): Executed 22 of 64 SUCCESS (0 secs / 0.142 secs)
[1A[2KChrome 56.0.2924 (Mac OS X 10.12.3): Executed 23 of 64 SUCCESS (0 secs / 0.142 secs)
[1A[2KChrome 56.0.2924 (Mac OS X 10.12.3): Executed 24 of 64 SUCCESS (0 secs / 0.143 secs)
[1A[2KChrome 56.0.2924 (Mac OS X 10.12.3): Executed 25 of 64 SUCCESS (0 secs / 0.143 secs)
[1A[2KChrome 56.0.2924 (Mac OS X 10.12.3): Executed 26 of 64 SUCCESS (0 secs / 0.143 secs)
[1A[2KChrome 56.0.2924 (Mac OS X 10.12.3): Executed 27 of 64 SUCCESS (0 secs / 0.143 secs)
[1A[2KChrome 56.0.2924 (Mac OS X 10.12.3): Executed 28 of 64 SUCCESS (0 secs / 0.144 secs)
[1A[2KChrome 56.0.2924 (Mac OS X 10.12.3): Executed 29 of 64 SUCCESS (0 secs / 0.144 secs)
[1A[2KChrome 56.0.2924 (Mac OS X 10.12.3): Executed 30 of 64 SUCCESS (0 secs / 0.144 secs)
[1A[2KChrome 56.0.2924 (Mac OS X 10.12.3): Executed 31 of 64 SUCCESS (0 secs / 0.145 secs)
[1A[2KChrome 56.0.2924 (Mac OS X 10.12.3): Executed 32 of 64 SUCCESS (0 secs / 0.145 secs)
[1A[2KChrome 56.0.2924 (Mac OS X 10.12.3): Executed 33 of 64 SUCCESS (0 secs / 0.148 secs)
[1A[2KChrome 56.0.2924 (Mac OS X 10.12.3): Executed 34 of 64 SUCCESS (0 secs / 0.148 secs)
[1A[2KChrome 56.0.2924 (Mac OS X 10.12.3): Executed 35 of 64 SUCCESS (0 secs / 0.149 secs)
[1A[2KChrome 56.0.2924 (Mac OS X 10.12.3): Executed 36 of 64 SUCCESS (0 secs / 0.149 secs)
[1A[2KChrome 56.0.2924 (Mac OS X 10.12.3): Executed 37 of 64 SUCCESS (0 secs / 0.151 secs)
[1A[2KChrome 56.0.2924 (Mac OS X 10.12.3): Executed 38 of 64 SUCCESS (0 secs / 0.152 secs)
[1A[2KChrome 56.0.2924 (Mac OS X 10.12.3): Executed 39 of 64 SUCCESS (0 secs / 0.158 secs)
[1A[2KChrome 56.0.2924 (Mac OS X 10.12.3): Executed 40 of 64 SUCCESS (0 secs / 0.159 secs)
[1A[2KChrome 56.0.2924 (Mac OS X 10.12.3): Executed 41 of 64 SUCCESS (0 secs / 0.159 secs)
[1A[2KChrome 56.0.2924 (Mac OS X 10.12.3): Executed 42 of 64 SUCCESS (0 secs / 0.16 secs)
[1A[2KChrome 56.0.2924 (Mac OS X 10.12.3): Executed 43 of 64 SUCCESS (0 secs / 0.16 secs)
[1A[2KChrome 56.0.2924 (Mac OS X 10.12.3): Executed 44 of 64 SUCCESS (0 secs / 0.16 secs)
[1A[2KChrome 56.0.2924 (Mac OS X 10.12.3): Executed 45 of 64 SUCCESS (0 secs / 0.161 secs)
[1A[2KChrome 56.0.2924 (Mac OS X 10.12.3): Executed 46 of 64 SUCCESS (0 secs / 0.162 secs)
[1A[2KChrome 56.0.2924 (Mac OS X 10.12.3): Executed 47 of 64 SUCCESS (0 secs / 0.162 secs)
[1A[2KChrome 56.0.2924 (Mac OS X 10.12.3): Executed 48 of 64 SUCCESS (0 secs / 0.164 secs)
[1A[2KChrome 56.0.2924 (Mac OS X 10.12.3): Executed 49 of 64 SUCCESS (0 secs / 0.167 secs)
[1A[2KChrome 56.0.2924 (Mac OS X 10.12.3): Executed 50 of 64 SUCCESS (0 secs / 0.167 secs)
[1A[2KChrome 56.0.2924 (Mac OS X 10.12.3): Executed 51 of 64 SUCCESS (0 secs / 0.168 secs)
[1A[2KChrome 56.0.2924 (Mac OS X 10.12.3): Executed 52 of 64 SUCCESS (0 secs / 0.168 secs)
[1A[2KChrome 56.0.2924 (Mac OS X 10.12.3): Executed 53 of 64 SUCCESS (0 secs / 0.17 secs)
[1A[2KChrome 56.0.2924 (Mac OS X 10.12.3): Executed 54 of 64 SUCCESS (0 secs / 0.173 secs)
[1A[2KChrome 56.0.2924 (Mac OS X 10.12.3): Executed 55 of 64 SUCCESS (0 secs / 0.18 secs)
[1A[2KChrome 56.0.2924 (Mac OS X 10.12.3): Executed 56 of 64 SUCCESS (0 secs / 0.185 secs)
[1A[2KChrome 56.0.2924 (Mac OS X 10.12.3): Executed 57 of 64 SUCCESS (0 secs / 0.187 secs)
[1A[2KChrome 56.0.2924 (Mac OS X 10.12.3): Executed 58 of 64 SUCCESS (0 secs / 0.188 secs)
[1A[2KChrome 56.0.2924 (Mac OS X 10.12.3): Executed 59 of 64 SUCCESS (0 secs / 0.19 secs)
[1A[2KChrome 56.0.2924 (Mac OS X 10.12.3): Executed 60 of 64 SUCCESS (0 secs / 0.192 secs)
[1A[2KChrome 56.0.2924 (Mac OS X 10.12.3): Executed 61 of 64 SUCCESS (0 secs / 0.194 secs)
[1A[2KChrome 56.0.2924 (Mac OS X 10.12.3): Executed 62 of 64 SUCCESS (0 secs / 0.197 secs)
[1A[2KChrome 56.0.2924 (Mac OS X 10.12.3): Executed 63 of 64 SUCCESS (0 secs / 0.198 secs)
[1A[2KChrome 56.0.2924 (Mac OS X 10.12.3): Executed 64 of 64 SUCCESS (0 secs / 0.2 secs)
[1A[2KChrome 56.0.2924 (Mac OS X 10.12.3): Executed 64 of 64 SUCCESS (0.234 secs / 0.2 secs)
