[solitaire@2] Running shell script
+ npm run test-single-run -- --browsers Firefox

> solitaire@0.0.0 test-single-run /private/tmp/jenkins-agent/workspace/solitaire@2
> karma start karma.conf.js --single-run --browsers Firefox

[32m10 02 2017 17:35:09.181:INFO [karma]: [39mKarma v0.13.22 server started at http://localhost:9876/
[32m10 02 2017 17:35:09.188:INFO [launcher]: [39mStarting browser Firefox
[32m10 02 2017 17:35:12.071:INFO [Firefox 37.0.0 (Mac OS X 10.12.0)]: [39mConnected on socket Va6OPCp5P_YXsKxvAAAA with id 82965082
Firefox 37.0.0 (Mac OS X 10.12.0): Executed 0 of 64 SUCCESS (0 secs / 0 secs)
[1A[2KFirefox 37.0.0 (Mac OS X 10.12.0): Executed 1 of 64 SUCCESS (0 secs / 0.007 secs)
[1A[2KFirefox 37.0.0 (Mac OS X 10.12.0): Executed 2 of 64 SUCCESS (0 secs / 0.007 secs)
[1A[2KFirefox 37.0.0 (Mac OS X 10.12.0): Executed 3 of 64 SUCCESS (0 secs / 0.013 secs)
[1A[2KFirefox 37.0.0 (Mac OS X 10.12.0): Executed 4 of 64 SUCCESS (0 secs / 0.017 secs)
[1A[2KFirefox 37.0.0 (Mac OS X 10.12.0): Executed 5 of 64 SUCCESS (0 secs / 0.019 secs)
[1A[2KFirefox 37.0.0 (Mac OS X 10.12.0): Executed 6 of 64 SUCCESS (0 secs / 0.021 secs)
[1A[2KFirefox 37.0.0 (Mac OS X 10.12.0): Executed 7 of 64 SUCCESS (0 secs / 0.028 secs)
[1A[2KFirefox 37.0.0 (Mac OS X 10.12.0): Executed 8 of 64 SUCCESS (0 secs / 0.032 secs)
[1A[2KFirefox 37.0.0 (Mac OS X 10.12.0): Executed 9 of 64 SUCCESS (0 secs / 0.035 secs)
[1A[2KFirefox 37.0.0 (Mac OS X 10.12.0): Executed 10 of 64 SUCCESS (0 secs / 0.038 secs)
[1A[2KFirefox 37.0.0 (Mac OS X 10.12.0): Executed 11 of 64 SUCCESS (0 secs / 0.043 secs)
[1A[2KFirefox 37.0.0 (Mac OS X 10.12.0): Executed 12 of 64 SUCCESS (0 secs / 0.046 secs)
[1A[2KFirefox 37.0.0 (Mac OS X 10.12.0): Executed 13 of 64 SUCCESS (0 secs / 0.05 secs)
[1A[2KFirefox 37.0.0 (Mac OS X 10.12.0): Executed 14 of 64 SUCCESS (0 secs / 0.052 secs)
[1A[2KFirefox 37.0.0 (Mac OS X 10.12.0): Executed 15 of 64 SUCCESS (0 secs / 0.055 secs)
[1A[2KFirefox 37.0.0 (Mac OS X 10.12.0): Executed 16 of 64 SUCCESS (0 secs / 0.062 secs)
[1A[2KFirefox 37.0.0 (Mac OS X 10.12.0): Executed 17 of 64 SUCCESS (0 secs / 0.076 secs)
[1A[2KFirefox 37.0.0 (Mac OS X 10.12.0): Executed 18 of 64 SUCCESS (0 secs / 0.079 secs)
[1A[2KFirefox 37.0.0 (Mac OS X 10.12.0): Executed 19 of 64 SUCCESS (0 secs / 0.081 secs)
[1A[2KFirefox 37.0.0 (Mac OS X 10.12.0): Executed 20 of 64 SUCCESS (0 secs / 0.083 secs)
[1A[2KFirefox 37.0.0 (Mac OS X 10.12.0): Executed 21 of 64 SUCCESS (0 secs / 0.085 secs)
[1A[2KFirefox 37.0.0 (Mac OS X 10.12.0): Executed 22 of 64 SUCCESS (0 secs / 0.086 secs)
[1A[2KFirefox 37.0.0 (Mac OS X 10.12.0): Executed 23 of 64 SUCCESS (0 secs / 0.086 secs)
[1A[2KFirefox 37.0.0 (Mac OS X 10.12.0): Executed 24 of 64 SUCCESS (0 secs / 0.087 secs)
[1A[2KFirefox 37.0.0 (Mac OS X 10.12.0): Executed 25 of 64 SUCCESS (0 secs / 0.087 secs)
[1A[2KFirefox 37.0.0 (Mac OS X 10.12.0): Executed 26 of 64 SUCCESS (0 secs / 0.087 secs)
[1A[2KFirefox 37.0.0 (Mac OS X 10.12.0): Executed 27 of 64 SUCCESS (0 secs / 0.087 secs)
[1A[2KFirefox 37.0.0 (Mac OS X 10.12.0): Executed 28 of 64 SUCCESS (0 secs / 0.088 secs)
[1A[2KFirefox 37.0.0 (Mac OS X 10.12.0): Executed 29 of 64 SUCCESS (0 secs / 0.088 secs)
[1A[2KFirefox 37.0.0 (Mac OS X 10.12.0): Executed 30 of 64 SUCCESS (0 secs / 0.088 secs)
[1A[2KFirefox 37.0.0 (Mac OS X 10.12.0): Executed 31 of 64 SUCCESS (0 secs / 0.089 secs)
[1A[2KFirefox 37.0.0 (Mac OS X 10.12.0): Executed 32 of 64 SUCCESS (0 secs / 0.089 secs)
[1A[2KFirefox 37.0.0 (Mac OS X 10.12.0): Executed 33 of 64 SUCCESS (0 secs / 0.102 secs)
[1A[2KFirefox 37.0.0 (Mac OS X 10.12.0): Executed 34 of 64 SUCCESS (0 secs / 0.103 secs)
[1A[2KFirefox 37.0.0 (Mac OS X 10.12.0): Executed 35 of 64 SUCCESS (0 secs / 0.103 secs)
[1A[2KFirefox 37.0.0 (Mac OS X 10.12.0): Executed 36 of 64 SUCCESS (0 secs / 0.105 secs)
[1A[2KFirefox 37.0.0 (Mac OS X 10.12.0): Executed 37 of 64 SUCCESS (0 secs / 0.107 secs)
[1A[2KFirefox 37.0.0 (Mac OS X 10.12.0): Executed 38 of 64 SUCCESS (0 secs / 0.111 secs)
[1A[2KFirefox 37.0.0 (Mac OS X 10.12.0): Executed 39 of 64 SUCCESS (0 secs / 0.112 secs)
[1A[2KFirefox 37.0.0 (Mac OS X 10.12.0): Executed 40 of 64 SUCCESS (0 secs / 0.113 secs)
[1A[2KFirefox 37.0.0 (Mac OS X 10.12.0): Executed 41 of 64 SUCCESS (0 secs / 0.113 secs)
[1A[2KFirefox 37.0.0 (Mac OS X 10.12.0): Executed 42 of 64 SUCCESS (0 secs / 0.113 secs)
[1A[2KFirefox 37.0.0 (Mac OS X 10.12.0): Executed 43 of 64 SUCCESS (0 secs / 0.114 secs)
[1A[2KFirefox 37.0.0 (Mac OS X 10.12.0): Executed 44 of 64 SUCCESS (0 secs / 0.114 secs)
[1A[2KFirefox 37.0.0 (Mac OS X 10.12.0): Executed 45 of 64 SUCCESS (0 secs / 0.114 secs)
[1A[2KFirefox 37.0.0 (Mac OS X 10.12.0): Executed 46 of 64 SUCCESS (0 secs / 0.115 secs)
[1A[2KFirefox 37.0.0 (Mac OS X 10.12.0): Executed 47 of 64 SUCCESS (0 secs / 0.115 secs)
[1A[2KFirefox 37.0.0 (Mac OS X 10.12.0): Executed 48 of 64 SUCCESS (0 secs / 0.12 secs)
[1A[2KFirefox 37.0.0 (Mac OS X 10.12.0): Executed 49 of 64 SUCCESS (0 secs / 0.124 secs)
[1A[2KFirefox 37.0.0 (Mac OS X 10.12.0): Executed 50 of 64 SUCCESS (0 secs / 0.124 secs)
[1A[2KFirefox 37.0.0 (Mac OS X 10.12.0): Executed 51 of 64 SUCCESS (0 secs / 0.124 secs)
[1A[2KFirefox 37.0.0 (Mac OS X 10.12.0): Executed 52 of 64 SUCCESS (0 secs / 0.124 secs)
[1A[2KFirefox 37.0.0 (Mac OS X 10.12.0): Executed 53 of 64 SUCCESS (0 secs / 0.127 secs)
[1A[2KFirefox 37.0.0 (Mac OS X 10.12.0): Executed 54 of 64 SUCCESS (0 secs / 0.13 secs)
[1A[2KFirefox 37.0.0 (Mac OS X 10.12.0): Executed 55 of 64 SUCCESS (0 secs / 0.132 secs)
[1A[2KFirefox 37.0.0 (Mac OS X 10.12.0): Executed 56 of 64 SUCCESS (0 secs / 0.133 secs)
[1A[2KFirefox 37.0.0 (Mac OS X 10.12.0): Executed 57 of 64 SUCCESS (0 secs / 0.134 secs)
[1A[2KFirefox 37.0.0 (Mac OS X 10.12.0): Executed 58 of 64 SUCCESS (0 secs / 0.136 secs)
[1A[2KFirefox 37.0.0 (Mac OS X 10.12.0): Executed 59 of 64 SUCCESS (0 secs / 0.138 secs)
[1A[2KFirefox 37.0.0 (Mac OS X 10.12.0): Executed 60 of 64 SUCCESS (0 secs / 0.139 secs)
[1A[2KFirefox 37.0.0 (Mac OS X 10.12.0): Executed 61 of 64 SUCCESS (0 secs / 0.14 secs)
[1A[2KFirefox 37.0.0 (Mac OS X 10.12.0): Executed 62 of 64 SUCCESS (0 secs / 0.142 secs)
[1A[2KFirefox 37.0.0 (Mac OS X 10.12.0): Executed 63 of 64 SUCCESS (0 secs / 0.143 secs)
[1A[2KFirefox 37.0.0 (Mac OS X 10.12.0): Executed 64 of 64 SUCCESS (0 secs / 0.144 secs)
[1A[2KFirefox 37.0.0 (Mac OS X 10.12.0): Executed 64 of 64 SUCCESS (0.112 secs / 0.144 secs)
