[solitaire] Running shell script
+ npm run test-single-run -- --browsers Firefox

> solitaire@0.0.0 test-single-run /private/tmp/jenkins-agent/workspace/solitaire
> karma start karma.conf.js --single-run --browsers Firefox

[33m10 02 2017 16:41:21.564:WARN [karma]: [39mPort 9876 in use
[32m10 02 2017 16:41:21.571:INFO [karma]: [39mKarma v0.13.22 server started at http://localhost:9877/
[32m10 02 2017 16:41:21.583:INFO [launcher]: [39mStarting browser Firefox
[32m10 02 2017 16:41:23.971:INFO [Firefox 37.0.0 (Mac OS X 10.12.0)]: [39mConnected on socket jVzX5Mr22A5_R6xiAAAA with id 49945974
Firefox 37.0.0 (Mac OS X 10.12.0): Executed 0 of 64 SUCCESS (0 secs / 0 secs)
[1A[2KFirefox 37.0.0 (Mac OS X 10.12.0): Executed 1 of 64 SUCCESS (0 secs / 0.009 secs)
[1A[2KFirefox 37.0.0 (Mac OS X 10.12.0): Executed 2 of 64 SUCCESS (0 secs / 0.01 secs)
[1A[2KFirefox 37.0.0 (Mac OS X 10.12.0): Executed 3 of 64 SUCCESS (0 secs / 0.019 secs)
[1A[2KFirefox 37.0.0 (Mac OS X 10.12.0): Executed 4 of 64 SUCCESS (0 secs / 0.023 secs)
[1A[2KFirefox 37.0.0 (Mac OS X 10.12.0): Executed 5 of 64 SUCCESS (0 secs / 0.026 secs)
[1A[2KFirefox 37.0.0 (Mac OS X 10.12.0): Executed 6 of 64 SUCCESS (0 secs / 0.028 secs)
[1A[2KFirefox 37.0.0 (Mac OS X 10.12.0): Executed 7 of 64 SUCCESS (0 secs / 0.04 secs)
[1A[2KFirefox 37.0.0 (Mac OS X 10.12.0): Executed 8 of 64 SUCCESS (0 secs / 0.046 secs)
[1A[2KFirefox 37.0.0 (Mac OS X 10.12.0): Executed 9 of 64 SUCCESS (0 secs / 0.049 secs)
[1A[2KFirefox 37.0.0 (Mac OS X 10.12.0): Executed 10 of 64 SUCCESS (0 secs / 0.052 secs)
[1A[2KFirefox 37.0.0 (Mac OS X 10.12.0): Executed 11 of 64 SUCCESS (0 secs / 0.057 secs)
[1A[2KFirefox 37.0.0 (Mac OS X 10.12.0): Executed 12 of 64 SUCCESS (0 secs / 0.06 secs)
[1A[2KFirefox 37.0.0 (Mac OS X 10.12.0): Executed 13 of 64 SUCCESS (0 secs / 0.072 secs)
[1A[2KFirefox 37.0.0 (Mac OS X 10.12.0): Executed 14 of 64 SUCCESS (0 secs / 0.075 secs)
[1A[2KFirefox 37.0.0 (Mac OS X 10.12.0): Executed 15 of 64 SUCCESS (0 secs / 0.077 secs)
[1A[2KFirefox 37.0.0 (Mac OS X 10.12.0): Executed 16 of 64 SUCCESS (0 secs / 0.08 secs)
[1A[2KFirefox 37.0.0 (Mac OS X 10.12.0): Executed 17 of 64 SUCCESS (0 secs / 0.095 secs)
[1A[2KFirefox 37.0.0 (Mac OS X 10.12.0): Executed 18 of 64 SUCCESS (0 secs / 0.097 secs)
[1A[2KFirefox 37.0.0 (Mac OS X 10.12.0): Executed 19 of 64 SUCCESS (0 secs / 0.099 secs)
[1A[2KFirefox 37.0.0 (Mac OS X 10.12.0): Executed 20 of 64 SUCCESS (0 secs / 0.101 secs)
[1A[2KFirefox 37.0.0 (Mac OS X 10.12.0): Executed 21 of 64 SUCCESS (0 secs / 0.104 secs)
[1A[2KFirefox 37.0.0 (Mac OS X 10.12.0): Executed 22 of 64 SUCCESS (0 secs / 0.104 secs)
[1A[2KFirefox 37.0.0 (Mac OS X 10.12.0): Executed 23 of 64 SUCCESS (0 secs / 0.104 secs)
[1A[2KFirefox 37.0.0 (Mac OS X 10.12.0): Executed 24 of 64 SUCCESS (0 secs / 0.104 secs)
[1A[2KFirefox 37.0.0 (Mac OS X 10.12.0): Executed 25 of 64 SUCCESS (0 secs / 0.105 secs)
[1A[2KFirefox 37.0.0 (Mac OS X 10.12.0): Executed 26 of 64 SUCCESS (0 secs / 0.105 secs)
[1A[2KFirefox 37.0.0 (Mac OS X 10.12.0): Executed 27 of 64 SUCCESS (0 secs / 0.106 secs)
[1A[2KFirefox 37.0.0 (Mac OS X 10.12.0): Executed 28 of 64 SUCCESS (0 secs / 0.106 secs)
[1A[2KFirefox 37.0.0 (Mac OS X 10.12.0): Executed 29 of 64 SUCCESS (0 secs / 0.106 secs)
[1A[2KFirefox 37.0.0 (Mac OS X 10.12.0): Executed 30 of 64 SUCCESS (0 secs / 0.107 secs)
[1A[2KFirefox 37.0.0 (Mac OS X 10.12.0): Executed 31 of 64 SUCCESS (0 secs / 0.107 secs)
[1A[2KFirefox 37.0.0 (Mac OS X 10.12.0): Executed 32 of 64 SUCCESS (0 secs / 0.107 secs)
[1A[2KFirefox 37.0.0 (Mac OS X 10.12.0): Executed 33 of 64 SUCCESS (0 secs / 0.119 secs)
[1A[2KFirefox 37.0.0 (Mac OS X 10.12.0): Executed 34 of 64 SUCCESS (0 secs / 0.119 secs)
[1A[2KFirefox 37.0.0 (Mac OS X 10.12.0): Executed 35 of 64 SUCCESS (0 secs / 0.12 secs)
[1A[2KFirefox 37.0.0 (Mac OS X 10.12.0): Executed 36 of 64 SUCCESS (0 secs / 0.121 secs)
[1A[2KFirefox 37.0.0 (Mac OS X 10.12.0): Executed 37 of 64 SUCCESS (0 secs / 0.123 secs)
[1A[2KFirefox 37.0.0 (Mac OS X 10.12.0): Executed 38 of 64 SUCCESS (0 secs / 0.127 secs)
[1A[2KFirefox 37.0.0 (Mac OS X 10.12.0): Executed 39 of 64 SUCCESS (0 secs / 0.129 secs)
[1A[2KFirefox 37.0.0 (Mac OS X 10.12.0): Executed 40 of 64 SUCCESS (0 secs / 0.132 secs)
[1A[2KFirefox 37.0.0 (Mac OS X 10.12.0): Executed 41 of 64 SUCCESS (0 secs / 0.133 secs)
[1A[2KFirefox 37.0.0 (Mac OS X 10.12.0): Executed 42 of 64 SUCCESS (0 secs / 0.133 secs)
[1A[2KFirefox 37.0.0 (Mac OS X 10.12.0): Executed 43 of 64 SUCCESS (0 secs / 0.133 secs)
[1A[2KFirefox 37.0.0 (Mac OS X 10.12.0): Executed 44 of 64 SUCCESS (0 secs / 0.133 secs)
[1A[2KFirefox 37.0.0 (Mac OS X 10.12.0): Executed 45 of 64 SUCCESS (0 secs / 0.134 secs)
[1A[2KFirefox 37.0.0 (Mac OS X 10.12.0): Executed 46 of 64 SUCCESS (0 secs / 0.135 secs)
[1A[2KFirefox 37.0.0 (Mac OS X 10.12.0): Executed 47 of 64 SUCCESS (0 secs / 0.135 secs)
[1A[2KFirefox 37.0.0 (Mac OS X 10.12.0): Executed 48 of 64 SUCCESS (0 secs / 0.148 secs)
[1A[2KFirefox 37.0.0 (Mac OS X 10.12.0): Executed 49 of 64 SUCCESS (0 secs / 0.15 secs)
[1A[2KFirefox 37.0.0 (Mac OS X 10.12.0): Executed 50 of 64 SUCCESS (0 secs / 0.151 secs)
[1A[2KFirefox 37.0.0 (Mac OS X 10.12.0): Executed 51 of 64 SUCCESS (0 secs / 0.152 secs)
[1A[2KFirefox 37.0.0 (Mac OS X 10.12.0): Executed 52 of 64 SUCCESS (0 secs / 0.152 secs)
[1A[2KFirefox 37.0.0 (Mac OS X 10.12.0): Executed 53 of 64 SUCCESS (0 secs / 0.154 secs)
[1A[2KFirefox 37.0.0 (Mac OS X 10.12.0): Executed 54 of 64 SUCCESS (0 secs / 0.156 secs)
[1A[2KFirefox 37.0.0 (Mac OS X 10.12.0): Executed 55 of 64 SUCCESS (0 secs / 0.158 secs)
[1A[2KFirefox 37.0.0 (Mac OS X 10.12.0): Executed 56 of 64 SUCCESS (0 secs / 0.16 secs)
[1A[2KFirefox 37.0.0 (Mac OS X 10.12.0): Executed 57 of 64 SUCCESS (0 secs / 0.162 secs)
[1A[2KFirefox 37.0.0 (Mac OS X 10.12.0): Executed 58 of 64 SUCCESS (0 secs / 0.164 secs)
[1A[2KFirefox 37.0.0 (Mac OS X 10.12.0): Executed 59 of 64 SUCCESS (0 secs / 0.166 secs)
[1A[2KFirefox 37.0.0 (Mac OS X 10.12.0): Executed 60 of 64 SUCCESS (0 secs / 0.168 secs)
[1A[2KFirefox 37.0.0 (Mac OS X 10.12.0): Executed 61 of 64 SUCCESS (0 secs / 0.17 secs)
[1A[2KFirefox 37.0.0 (Mac OS X 10.12.0): Executed 62 of 64 SUCCESS (0 secs / 0.171 secs)
[1A[2KFirefox 37.0.0 (Mac OS X 10.12.0): Executed 63 of 64 SUCCESS (0 secs / 0.172 secs)
[1A[2KFirefox 37.0.0 (Mac OS X 10.12.0): Executed 64 of 64 SUCCESS (0 secs / 0.173 secs)
[1A[2KFirefox 37.0.0 (Mac OS X 10.12.0): Executed 64 of 64 SUCCESS (0.221 secs / 0.173 secs)
