[solitaire] Running shell script
+ npm run test-single-run -- --browsers Safari

> solitaire@0.0.0 test-single-run /private/tmp/jenkins-agent/workspace/solitaire
> karma start karma.conf.js --single-run --browsers Safari

[33m10 02 2017 16:42:17.374:WARN [karma]: [39mPort 9876 in use
[33m10 02 2017 16:42:17.382:WARN [karma]: [39mPort 9877 in use
[32m10 02 2017 16:42:17.383:INFO [karma]: [39mKarma v0.13.22 server started at http://localhost:9878/
[32m10 02 2017 16:42:17.396:INFO [launcher]: [39mStarting browser Safari
[32m10 02 2017 16:42:20.441:INFO [Safari 10.0.3 (Mac OS X 10.12.3)]: [39mConnected on socket 6QXLAt5xZ_N_czKTAAAA with id 4909644
Safari 10.0.3 (Mac OS X 10.12.3): Executed 0 of 64 SUCCESS (0 secs / 0 secs)
[1A[2KSafari 10.0.3 (Mac OS X 10.12.3): Executed 1 of 64 SUCCESS (0 secs / 0.005 secs)
[1A[2KSafari 10.0.3 (Mac OS X 10.12.3): Executed 2 of 64 SUCCESS (0 secs / 0.005 secs)
[1A[2KSafari 10.0.3 (Mac OS X 10.12.3): Executed 3 of 64 SUCCESS (0 secs / 0.015 secs)
[1A[2KSafari 10.0.3 (Mac OS X 10.12.3): Executed 4 of 64 SUCCESS (0 secs / 0.036 secs)
[1A[2KSafari 10.0.3 (Mac OS X 10.12.3): Executed 5 of 64 SUCCESS (0 secs / 0.059 secs)
[1A[2KSafari 10.0.3 (Mac OS X 10.12.3): Executed 6 of 64 SUCCESS (0 secs / 0.062 secs)
[1A[2KSafari 10.0.3 (Mac OS X 10.12.3): Executed 7 of 64 SUCCESS (0 secs / 0.07 secs)
[1A[2KSafari 10.0.3 (Mac OS X 10.12.3): Executed 8 of 64 SUCCESS (0 secs / 0.075 secs)
[1A[2KSafari 10.0.3 (Mac OS X 10.12.3): Executed 9 of 64 SUCCESS (0 secs / 0.077 secs)
[1A[2KSafari 10.0.3 (Mac OS X 10.12.3): Executed 10 of 64 SUCCESS (0 secs / 0.101 secs)
[1A[2KSafari 10.0.3 (Mac OS X 10.12.3): Executed 11 of 64 SUCCESS (0 secs / 0.103 secs)
[1A[2KSafari 10.0.3 (Mac OS X 10.12.3): Executed 12 of 64 SUCCESS (0 secs / 0.107 secs)
[1A[2KSafari 10.0.3 (Mac OS X 10.12.3): Executed 13 of 64 SUCCESS (0 secs / 0.109 secs)
[1A[2KSafari 10.0.3 (Mac OS X 10.12.3): Executed 14 of 64 SUCCESS (0 secs / 0.111 secs)
[1A[2KSafari 10.0.3 (Mac OS X 10.12.3): Executed 15 of 64 SUCCESS (0 secs / 0.112 secs)
[1A[2KSafari 10.0.3 (Mac OS X 10.12.3): Executed 16 of 64 SUCCESS (0 secs / 0.114 secs)
[1A[2KSafari 10.0.3 (Mac OS X 10.12.3): Executed 17 of 64 SUCCESS (0 secs / 0.258 secs)
[1A[2KSafari 10.0.3 (Mac OS X 10.12.3): Executed 18 of 64 SUCCESS (0 secs / 0.261 secs)
[1A[2KSafari 10.0.3 (Mac OS X 10.12.3): Executed 19 of 64 SUCCESS (0 secs / 0.263 secs)
[1A[2KSafari 10.0.3 (Mac OS X 10.12.3): Executed 20 of 64 SUCCESS (0 secs / 0.265 secs)
[1A[2KSafari 10.0.3 (Mac OS X 10.12.3): Executed 21 of 64 SUCCESS (0 secs / 0.266 secs)
[1A[2KSafari 10.0.3 (Mac OS X 10.12.3): Executed 22 of 64 SUCCESS (0 secs / 0.267 secs)
[1A[2KSafari 10.0.3 (Mac OS X 10.12.3): Executed 23 of 64 SUCCESS (0 secs / 0.268 secs)
[1A[2KSafari 10.0.3 (Mac OS X 10.12.3): Executed 24 of 64 SUCCESS (0 secs / 0.268 secs)
[1A[2KSafari 10.0.3 (Mac OS X 10.12.3): Executed 25 of 64 SUCCESS (0 secs / 0.268 secs)
[1A[2KSafari 10.0.3 (Mac OS X 10.12.3): Executed 26 of 64 SUCCESS (0 secs / 0.269 secs)
[1A[2KSafari 10.0.3 (Mac OS X 10.12.3): Executed 27 of 64 SUCCESS (0 secs / 0.269 secs)
[1A[2KSafari 10.0.3 (Mac OS X 10.12.3): Executed 28 of 64 SUCCESS (0 secs / 0.27 secs)
[1A[2KSafari 10.0.3 (Mac OS X 10.12.3): Executed 29 of 64 SUCCESS (0 secs / 0.27 secs)
[1A[2KSafari 10.0.3 (Mac OS X 10.12.3): Executed 30 of 64 SUCCESS (0 secs / 0.271 secs)
[1A[2KSafari 10.0.3 (Mac OS X 10.12.3): Executed 31 of 64 SUCCESS (0 secs / 0.271 secs)
[1A[2KSafari 10.0.3 (Mac OS X 10.12.3): Executed 32 of 64 SUCCESS (0 secs / 0.283 secs)
[1A[2KSafari 10.0.3 (Mac OS X 10.12.3): Executed 33 of 64 SUCCESS (0 secs / 1.234 secs)
[1A[2KSafari 10.0.3 (Mac OS X 10.12.3): Executed 34 of 64 SUCCESS (0 secs / 1.235 secs)
[1A[2KSafari 10.0.3 (Mac OS X 10.12.3): Executed 35 of 64 SUCCESS (0 secs / 1.235 secs)
[1A[2KSafari 10.0.3 (Mac OS X 10.12.3): Executed 36 of 64 SUCCESS (0 secs / 1.236 secs)
[1A[2KSafari 10.0.3 (Mac OS X 10.12.3): Executed 37 of 64 SUCCESS (0 secs / 1.238 secs)
[1A[2KSafari 10.0.3 (Mac OS X 10.12.3): Executed 38 of 64 SUCCESS (0 secs / 1.239 secs)
[1A[2KSafari 10.0.3 (Mac OS X 10.12.3): Executed 39 of 64 SUCCESS (0 secs / 1.241 secs)
[1A[2KSafari 10.0.3 (Mac OS X 10.12.3): Executed 40 of 64 SUCCESS (0 secs / 1.242 secs)
[1A[2KSafari 10.0.3 (Mac OS X 10.12.3): Executed 41 of 64 SUCCESS (0 secs / 1.243 secs)
[1A[2KSafari 10.0.3 (Mac OS X 10.12.3): Executed 42 of 64 SUCCESS (0 secs / 1.243 secs)
[1A[2KSafari 10.0.3 (Mac OS X 10.12.3): Executed 43 of 64 SUCCESS (0 secs / 1.243 secs)
[1A[2KSafari 10.0.3 (Mac OS X 10.12.3): Executed 44 of 64 SUCCESS (0 secs / 1.243 secs)
[1A[2KSafari 10.0.3 (Mac OS X 10.12.3): Executed 45 of 64 SUCCESS (0 secs / 1.244 secs)
[1A[2KSafari 10.0.3 (Mac OS X 10.12.3): Executed 46 of 64 SUCCESS (0 secs / 1.245 secs)
[1A[2KSafari 10.0.3 (Mac OS X 10.12.3): Executed 47 of 64 SUCCESS (0 secs / 1.245 secs)
[1A[2KSafari 10.0.3 (Mac OS X 10.12.3): Executed 48 of 64 SUCCESS (0 secs / 2.24 secs)
[1A[2KSafari 10.0.3 (Mac OS X 10.12.3): Executed 49 of 64 SUCCESS (0 secs / 2.242 secs)
[1A[2KSafari 10.0.3 (Mac OS X 10.12.3): Executed 50 of 64 SUCCESS (0 secs / 2.242 secs)
[1A[2KSafari 10.0.3 (Mac OS X 10.12.3): Executed 51 of 64 SUCCESS (0 secs / 2.242 secs)
[1A[2KSafari 10.0.3 (Mac OS X 10.12.3): Executed 52 of 64 SUCCESS (0 secs / 2.243 secs)
[1A[2KSafari 10.0.3 (Mac OS X 10.12.3): Executed 53 of 64 SUCCESS (0 secs / 2.244 secs)
[1A[2KSafari 10.0.3 (Mac OS X 10.12.3): Executed 54 of 64 SUCCESS (0 secs / 2.246 secs)
[1A[2KSafari 10.0.3 (Mac OS X 10.12.3): Executed 55 of 64 SUCCESS (0 secs / 2.251 secs)
[1A[2KSafari 10.0.3 (Mac OS X 10.12.3): Executed 56 of 64 SUCCESS (0 secs / 2.253 secs)
[1A[2KSafari 10.0.3 (Mac OS X 10.12.3): Executed 57 of 64 SUCCESS (0 secs / 2.254 secs)
[1A[2KSafari 10.0.3 (Mac OS X 10.12.3): Executed 58 of 64 SUCCESS (0 secs / 2.256 secs)
[1A[2KSafari 10.0.3 (Mac OS X 10.12.3): Executed 59 of 64 SUCCESS (0 secs / 2.257 secs)
[1A[2KSafari 10.0.3 (Mac OS X 10.12.3): Executed 60 of 64 SUCCESS (0 secs / 2.258 secs)
[1A[2KSafari 10.0.3 (Mac OS X 10.12.3): Executed 61 of 64 SUCCESS (0 secs / 2.263 secs)
[1A[2KSafari 10.0.3 (Mac OS X 10.12.3): Executed 62 of 64 SUCCESS (0 secs / 2.265 secs)
[1A[2KSafari 10.0.3 (Mac OS X 10.12.3): Executed 63 of 64 SUCCESS (0 secs / 2.266 secs)
[1A[2KSafari 10.0.3 (Mac OS X 10.12.3): Executed 64 of 64 SUCCESS (0 secs / 2.268 secs)
[1A[2KSafari 10.0.3 (Mac OS X 10.12.3): Executed 64 of 64 SUCCESS (3.004 secs / 2.268 secs)
