[solitaire] Running shell script
+ npm run test-single-run -- --browsers PhantomJS

> solitaire@0.0.0 test-single-run /Users/padmakar/.jenkins/workspace/solitaire
> karma start karma.conf.js --single-run --browsers PhantomJS

[32m10 02 2017 16:41:55.047:INFO [karma]: [39mKarma v0.13.22 server started at http://localhost:9876/
[32m10 02 2017 16:41:55.053:INFO [launcher]: [39mStarting browser PhantomJS
[32m10 02 2017 16:41:56.913:INFO [PhantomJS 2.1.1 (Mac OS X 0.0.0)]: [39mConnected on socket rOjsOkiTqSPelPLUAAAA with id 58389791
PhantomJS 2.1.1 (Mac OS X 0.0.0): Executed 0 of 64 SUCCESS (0 secs / 0 secs)
[1A[2KPhantomJS 2.1.1 (Mac OS X 0.0.0): Executed 1 of 64 SUCCESS (0 secs / 0.001 secs)
[1A[2KPhantomJS 2.1.1 (Mac OS X 0.0.0): Executed 2 of 64 SUCCESS (0 secs / 0.001 secs)
[1A[2KPhantomJS 2.1.1 (Mac OS X 0.0.0): Executed 3 of 64 SUCCESS (0 secs / 0.011 secs)
[1A[2KPhantomJS 2.1.1 (Mac OS X 0.0.0): Executed 4 of 64 SUCCESS (0 secs / 0.015 secs)
[1A[2KPhantomJS 2.1.1 (Mac OS X 0.0.0): Executed 5 of 64 SUCCESS (0 secs / 0.018 secs)
[1A[2KPhantomJS 2.1.1 (Mac OS X 0.0.0): Executed 6 of 64 SUCCESS (0 secs / 0.021 secs)
[1A[2KPhantomJS 2.1.1 (Mac OS X 0.0.0): Executed 7 of 64 SUCCESS (0 secs / 0.036 secs)
[1A[2KPhantomJS 2.1.1 (Mac OS X 0.0.0): Executed 8 of 64 SUCCESS (0 secs / 0.039 secs)
[1A[2KPhantomJS 2.1.1 (Mac OS X 0.0.0): Executed 9 of 64 SUCCESS (0 secs / 0.04 secs)
[1A[2KPhantomJS 2.1.1 (Mac OS X 0.0.0): Executed 10 of 64 SUCCESS (0 secs / 0.053 secs)
[1A[2KPhantomJS 2.1.1 (Mac OS X 0.0.0): Executed 11 of 64 SUCCESS (0 secs / 0.056 secs)
[1A[2KPhantomJS 2.1.1 (Mac OS X 0.0.0): Executed 12 of 64 SUCCESS (0 secs / 0.058 secs)
[1A[2KPhantomJS 2.1.1 (Mac OS X 0.0.0): Executed 13 of 64 SUCCESS (0 secs / 0.06 secs)
[1A[2KPhantomJS 2.1.1 (Mac OS X 0.0.0): Executed 14 of 64 SUCCESS (0 secs / 0.062 secs)
[1A[2KPhantomJS 2.1.1 (Mac OS X 0.0.0): Executed 15 of 64 SUCCESS (0 secs / 0.063 secs)
[1A[2KPhantomJS 2.1.1 (Mac OS X 0.0.0): Executed 16 of 64 SUCCESS (0 secs / 0.067 secs)
[1A[2KPhantomJS 2.1.1 (Mac OS X 0.0.0): Executed 17 of 64 SUCCESS (0 secs / 0.073 secs)
[1A[2KPhantomJS 2.1.1 (Mac OS X 0.0.0): Executed 18 of 64 SUCCESS (0 secs / 0.078 secs)
[1A[2KPhantomJS 2.1.1 (Mac OS X 0.0.0): Executed 19 of 64 SUCCESS (0 secs / 0.14 secs)
[1A[2KPhantomJS 2.1.1 (Mac OS X 0.0.0): Executed 20 of 64 SUCCESS (0 secs / 0.146 secs)
[1A[2KPhantomJS 2.1.1 (Mac OS X 0.0.0): Executed 21 of 64 SUCCESS (0 secs / 0.148 secs)
[1A[2KPhantomJS 2.1.1 (Mac OS X 0.0.0): Executed 22 of 64 SUCCESS (0 secs / 0.148 secs)
[1A[2KPhantomJS 2.1.1 (Mac OS X 0.0.0): Executed 23 of 64 SUCCESS (0 secs / 0.149 secs)
[1A[2KPhantomJS 2.1.1 (Mac OS X 0.0.0): Executed 24 of 64 SUCCESS (0 secs / 0.149 secs)
[1A[2KPhantomJS 2.1.1 (Mac OS X 0.0.0): Executed 25 of 64 SUCCESS (0 secs / 0.149 secs)
[1A[2KPhantomJS 2.1.1 (Mac OS X 0.0.0): Executed 26 of 64 SUCCESS (0 secs / 0.149 secs)
[1A[2KPhantomJS 2.1.1 (Mac OS X 0.0.0): Executed 27 of 64 SUCCESS (0 secs / 0.149 secs)
[1A[2KPhantomJS 2.1.1 (Mac OS X 0.0.0): Executed 28 of 64 SUCCESS (0 secs / 0.15 secs)
[1A[2KPhantomJS 2.1.1 (Mac OS X 0.0.0): Executed 29 of 64 SUCCESS (0 secs / 0.15 secs)
[1A[2KPhantomJS 2.1.1 (Mac OS X 0.0.0): Executed 30 of 64 SUCCESS (0 secs / 0.151 secs)
[1A[2KPhantomJS 2.1.1 (Mac OS X 0.0.0): Executed 31 of 64 SUCCESS (0 secs / 0.151 secs)
[1A[2KPhantomJS 2.1.1 (Mac OS X 0.0.0): Executed 32 of 64 SUCCESS (0 secs / 0.151 secs)
[1A[2KPhantomJS 2.1.1 (Mac OS X 0.0.0): Executed 33 of 64 SUCCESS (0 secs / 0.154 secs)
[1A[2KPhantomJS 2.1.1 (Mac OS X 0.0.0): Executed 34 of 64 SUCCESS (0 secs / 0.154 secs)
[1A[2KPhantomJS 2.1.1 (Mac OS X 0.0.0): Executed 35 of 64 SUCCESS (0 secs / 0.154 secs)
[1A[2KPhantomJS 2.1.1 (Mac OS X 0.0.0): Executed 36 of 64 SUCCESS (0 secs / 0.155 secs)
[1A[2KPhantomJS 2.1.1 (Mac OS X 0.0.0): Executed 37 of 64 SUCCESS (0 secs / 0.156 secs)
[1A[2KPhantomJS 2.1.1 (Mac OS X 0.0.0): Executed 38 of 64 SUCCESS (0 secs / 0.157 secs)
[1A[2KPhantomJS 2.1.1 (Mac OS X 0.0.0): Executed 39 of 64 SUCCESS (0 secs / 0.158 secs)
[1A[2KPhantomJS 2.1.1 (Mac OS X 0.0.0): Executed 40 of 64 SUCCESS (0 secs / 0.159 secs)
[1A[2KPhantomJS 2.1.1 (Mac OS X 0.0.0): Executed 41 of 64 SUCCESS (0 secs / 0.159 secs)
[1A[2KPhantomJS 2.1.1 (Mac OS X 0.0.0): Executed 42 of 64 SUCCESS (0 secs / 0.163 secs)
[1A[2KPhantomJS 2.1.1 (Mac OS X 0.0.0): Executed 43 of 64 SUCCESS (0 secs / 0.163 secs)
[1A[2KPhantomJS 2.1.1 (Mac OS X 0.0.0): Executed 44 of 64 SUCCESS (0 secs / 0.164 secs)
[1A[2KPhantomJS 2.1.1 (Mac OS X 0.0.0): Executed 45 of 64 SUCCESS (0 secs / 0.164 secs)
[1A[2KPhantomJS 2.1.1 (Mac OS X 0.0.0): Executed 46 of 64 SUCCESS (0 secs / 0.165 secs)
[1A[2KPhantomJS 2.1.1 (Mac OS X 0.0.0): Executed 47 of 64 SUCCESS (0 secs / 0.165 secs)
[1A[2KPhantomJS 2.1.1 (Mac OS X 0.0.0): Executed 48 of 64 SUCCESS (0 secs / 0.166 secs)
[1A[2KPhantomJS 2.1.1 (Mac OS X 0.0.0): Executed 49 of 64 SUCCESS (0 secs / 0.168 secs)
[1A[2KPhantomJS 2.1.1 (Mac OS X 0.0.0): Executed 50 of 64 SUCCESS (0 secs / 0.168 secs)
[1A[2KPhantomJS 2.1.1 (Mac OS X 0.0.0): Executed 51 of 64 SUCCESS (0 secs / 0.168 secs)
[1A[2KPhantomJS 2.1.1 (Mac OS X 0.0.0): Executed 52 of 64 SUCCESS (0 secs / 0.168 secs)
[1A[2KPhantomJS 2.1.1 (Mac OS X 0.0.0): Executed 53 of 64 SUCCESS (0 secs / 0.169 secs)
[1A[2KPhantomJS 2.1.1 (Mac OS X 0.0.0): Executed 54 of 64 SUCCESS (0 secs / 0.171 secs)
[1A[2KPhantomJS 2.1.1 (Mac OS X 0.0.0): Executed 55 of 64 SUCCESS (0 secs / 0.174 secs)
[1A[2KPhantomJS 2.1.1 (Mac OS X 0.0.0): Executed 56 of 64 SUCCESS (0 secs / 0.184 secs)
[1A[2KPhantomJS 2.1.1 (Mac OS X 0.0.0): Executed 57 of 64 SUCCESS (0 secs / 0.185 secs)
[1A[2KPhantomJS 2.1.1 (Mac OS X 0.0.0): Executed 58 of 64 SUCCESS (0 secs / 0.186 secs)
[1A[2KPhantomJS 2.1.1 (Mac OS X 0.0.0): Executed 59 of 64 SUCCESS (0 secs / 0.187 secs)
[1A[2KPhantomJS 2.1.1 (Mac OS X 0.0.0): Executed 60 of 64 SUCCESS (0 secs / 0.188 secs)
[1A[2KPhantomJS 2.1.1 (Mac OS X 0.0.0): Executed 61 of 64 SUCCESS (0 secs / 0.189 secs)
[1A[2KPhantomJS 2.1.1 (Mac OS X 0.0.0): Executed 62 of 64 SUCCESS (0 secs / 0.19 secs)
[1A[2KPhantomJS 2.1.1 (Mac OS X 0.0.0): Executed 63 of 64 SUCCESS (0 secs / 0.191 secs)
[1A[2KPhantomJS 2.1.1 (Mac OS X 0.0.0): Executed 64 of 64 SUCCESS (0 secs / 0.192 secs)
[1A[2KPhantomJS 2.1.1 (Mac OS X 0.0.0): Executed 64 of 64 SUCCESS (0.175 secs / 0.192 secs)
